INFO [2022-02-03 10:52:09] $x
INFO [2022-02-03 10:52:09] list(cc_tau$`otus[, 1]`, cc_tme$`otus[, 1]`, cc_tci$`otus[, 1]`)
INFO [2022-02-03 10:52:09] 
INFO [2022-02-03 10:52:09] $category.names
INFO [2022-02-03 10:52:09] c("T. aurantium", "T. meloni ", "T. citrina")
INFO [2022-02-03 10:52:09] 
INFO [2022-02-03 10:52:09] $filename
INFO [2022-02-03 10:52:09] [1] "Figures/18splots/core18s_vendiagram.png"
INFO [2022-02-03 10:52:09] 
INFO [2022-02-03 10:52:09] $output
INFO [2022-02-03 10:52:09] [1] TRUE
INFO [2022-02-03 10:52:09] 
INFO [2022-02-03 10:52:09] $imagetype
INFO [2022-02-03 10:52:09] [1] "png"
INFO [2022-02-03 10:52:09] 
INFO [2022-02-03 10:52:09] $height
INFO [2022-02-03 10:52:09] [1] 500
INFO [2022-02-03 10:52:09] 
INFO [2022-02-03 10:52:09] $width
INFO [2022-02-03 10:52:09] [1] 500
INFO [2022-02-03 10:52:09] 
INFO [2022-02-03 10:52:09] $resolution
INFO [2022-02-03 10:52:09] [1] 300
INFO [2022-02-03 10:52:09] 
INFO [2022-02-03 10:52:09] $compression
INFO [2022-02-03 10:52:09] [1] "lzw"
INFO [2022-02-03 10:52:09] 
INFO [2022-02-03 10:52:09] $main
INFO [2022-02-03 10:52:09] [1] "18s core communities across and between species"
INFO [2022-02-03 10:52:09] 
INFO [2022-02-03 10:52:09] $main.fontfamily
INFO [2022-02-03 10:52:09] [1] "sans"
INFO [2022-02-03 10:52:09] 
INFO [2022-02-03 10:52:09] $main.cex
INFO [2022-02-03 10:52:09] [1] 0.35
INFO [2022-02-03 10:52:09] 
INFO [2022-02-03 10:52:09] $main.fontface
INFO [2022-02-03 10:52:09] [1] "bold"
INFO [2022-02-03 10:52:09] 
INFO [2022-02-03 10:52:09] $lwd
INFO [2022-02-03 10:52:09] [1] 0.5
INFO [2022-02-03 10:52:09] 
INFO [2022-02-03 10:52:09] $lty
INFO [2022-02-03 10:52:09] [1] 1
INFO [2022-02-03 10:52:09] 
INFO [2022-02-03 10:52:09] $fill
INFO [2022-02-03 10:52:09] myCol
INFO [2022-02-03 10:52:09] 
INFO [2022-02-03 10:52:09] $cex
INFO [2022-02-03 10:52:09] [1] 0.4
INFO [2022-02-03 10:52:09] 
INFO [2022-02-03 10:52:09] $fontface
INFO [2022-02-03 10:52:09] [1] "bold"
INFO [2022-02-03 10:52:09] 
INFO [2022-02-03 10:52:09] $fontfamily
INFO [2022-02-03 10:52:09] [1] "sans"
INFO [2022-02-03 10:52:09] 
INFO [2022-02-03 10:52:09] $cat.cex
INFO [2022-02-03 10:52:09] [1] 0.4
INFO [2022-02-03 10:52:09] 
INFO [2022-02-03 10:52:09] $cat.fontface
INFO [2022-02-03 10:52:09] [1] "italic"
INFO [2022-02-03 10:52:09] 
INFO [2022-02-03 10:52:09] $cat.default.pos
INFO [2022-02-03 10:52:09] [1] "outer"
INFO [2022-02-03 10:52:09] 
INFO [2022-02-03 10:52:09] $cat.pos
INFO [2022-02-03 10:52:09] c(-27, 27, 135)
INFO [2022-02-03 10:52:09] 
INFO [2022-02-03 10:52:09] $cat.dist
INFO [2022-02-03 10:52:09] c(0.055, 0.055, 0.085)
INFO [2022-02-03 10:52:09] 
INFO [2022-02-03 10:52:09] $cat.fontfamily
INFO [2022-02-03 10:52:09] [1] "sans"
INFO [2022-02-03 10:52:09] 
INFO [2022-02-03 10:52:09] $rotation
INFO [2022-02-03 10:52:09] [1] 1
INFO [2022-02-03 10:52:09] 
