INFO [2022-01-12 16:20:36] $x
INFO [2022-01-12 16:20:36] list(cc_tau$sequence_identifier, cc_tme$sequence_identifier, 
INFO [2022-01-12 16:20:36]     cc_tci$sequence_identifier)
INFO [2022-01-12 16:20:36] 
INFO [2022-01-12 16:20:36] $category.names
INFO [2022-01-12 16:20:36] c("T. aurantium", "T. meloni ", "T. citrina")
INFO [2022-01-12 16:20:36] 
INFO [2022-01-12 16:20:36] $filename
INFO [2022-01-12 16:20:36] [1] "Figures/18splots/core18s_vendiagram.png"
INFO [2022-01-12 16:20:36] 
INFO [2022-01-12 16:20:36] $output
INFO [2022-01-12 16:20:36] [1] TRUE
INFO [2022-01-12 16:20:36] 
INFO [2022-01-12 16:20:36] $imagetype
INFO [2022-01-12 16:20:36] [1] "png"
INFO [2022-01-12 16:20:36] 
INFO [2022-01-12 16:20:36] $height
INFO [2022-01-12 16:20:36] [1] 500
INFO [2022-01-12 16:20:36] 
INFO [2022-01-12 16:20:36] $width
INFO [2022-01-12 16:20:36] [1] 500
INFO [2022-01-12 16:20:36] 
INFO [2022-01-12 16:20:36] $resolution
INFO [2022-01-12 16:20:36] [1] 300
INFO [2022-01-12 16:20:36] 
INFO [2022-01-12 16:20:36] $compression
INFO [2022-01-12 16:20:36] [1] "lzw"
INFO [2022-01-12 16:20:36] 
INFO [2022-01-12 16:20:36] $main
INFO [2022-01-12 16:20:36] [1] "18s core communities across and between species"
INFO [2022-01-12 16:20:36] 
INFO [2022-01-12 16:20:36] $main.fontfamily
INFO [2022-01-12 16:20:36] [1] "sans"
INFO [2022-01-12 16:20:36] 
INFO [2022-01-12 16:20:36] $main.cex
INFO [2022-01-12 16:20:36] [1] 0.35
INFO [2022-01-12 16:20:36] 
INFO [2022-01-12 16:20:36] $main.fontface
INFO [2022-01-12 16:20:36] [1] "bold"
INFO [2022-01-12 16:20:36] 
INFO [2022-01-12 16:20:36] $lwd
INFO [2022-01-12 16:20:36] [1] 0.5
INFO [2022-01-12 16:20:36] 
INFO [2022-01-12 16:20:36] $lty
INFO [2022-01-12 16:20:36] [1] 1
INFO [2022-01-12 16:20:36] 
INFO [2022-01-12 16:20:36] $fill
INFO [2022-01-12 16:20:36] myCol
INFO [2022-01-12 16:20:36] 
INFO [2022-01-12 16:20:36] $cex
INFO [2022-01-12 16:20:36] [1] 0.4
INFO [2022-01-12 16:20:36] 
INFO [2022-01-12 16:20:36] $fontface
INFO [2022-01-12 16:20:36] [1] "bold"
INFO [2022-01-12 16:20:36] 
INFO [2022-01-12 16:20:36] $fontfamily
INFO [2022-01-12 16:20:36] [1] "sans"
INFO [2022-01-12 16:20:36] 
INFO [2022-01-12 16:20:36] $cat.cex
INFO [2022-01-12 16:20:36] [1] 0.4
INFO [2022-01-12 16:20:36] 
INFO [2022-01-12 16:20:36] $cat.fontface
INFO [2022-01-12 16:20:36] [1] "italic"
INFO [2022-01-12 16:20:36] 
INFO [2022-01-12 16:20:36] $cat.default.pos
INFO [2022-01-12 16:20:36] [1] "outer"
INFO [2022-01-12 16:20:36] 
INFO [2022-01-12 16:20:36] $cat.pos
INFO [2022-01-12 16:20:36] c(-27, 27, 135)
INFO [2022-01-12 16:20:36] 
INFO [2022-01-12 16:20:36] $cat.dist
INFO [2022-01-12 16:20:36] c(0.055, 0.055, 0.085)
INFO [2022-01-12 16:20:36] 
INFO [2022-01-12 16:20:36] $cat.fontfamily
INFO [2022-01-12 16:20:36] [1] "sans"
INFO [2022-01-12 16:20:36] 
INFO [2022-01-12 16:20:36] $rotation
INFO [2022-01-12 16:20:36] [1] 1
INFO [2022-01-12 16:20:36] 
