INFO [2022-02-07 09:56:39] $x
INFO [2022-02-07 09:56:39] list(cc_tau$X.OTU.ID, cc_tme$X.OTU.ID, cc_tci$X.OTU.ID)
INFO [2022-02-07 09:56:39] 
INFO [2022-02-07 09:56:39] $category.names
INFO [2022-02-07 09:56:39] c("T. aurantium", "T. meloni ", "T. citrina")
INFO [2022-02-07 09:56:39] 
INFO [2022-02-07 09:56:39] $filename
INFO [2022-02-07 09:56:39] [1] "Figures/18splots/core18s_vendiagram.png"
INFO [2022-02-07 09:56:39] 
INFO [2022-02-07 09:56:39] $output
INFO [2022-02-07 09:56:39] [1] TRUE
INFO [2022-02-07 09:56:39] 
INFO [2022-02-07 09:56:39] $imagetype
INFO [2022-02-07 09:56:39] [1] "png"
INFO [2022-02-07 09:56:39] 
INFO [2022-02-07 09:56:39] $height
INFO [2022-02-07 09:56:39] [1] 500
INFO [2022-02-07 09:56:39] 
INFO [2022-02-07 09:56:39] $width
INFO [2022-02-07 09:56:39] [1] 500
INFO [2022-02-07 09:56:39] 
INFO [2022-02-07 09:56:39] $resolution
INFO [2022-02-07 09:56:39] [1] 300
INFO [2022-02-07 09:56:39] 
INFO [2022-02-07 09:56:39] $compression
INFO [2022-02-07 09:56:39] [1] "lzw"
INFO [2022-02-07 09:56:39] 
INFO [2022-02-07 09:56:39] $main
INFO [2022-02-07 09:56:39] [1] "18s core communities across and between species"
INFO [2022-02-07 09:56:39] 
INFO [2022-02-07 09:56:39] $main.fontfamily
INFO [2022-02-07 09:56:39] [1] "sans"
INFO [2022-02-07 09:56:39] 
INFO [2022-02-07 09:56:39] $main.cex
INFO [2022-02-07 09:56:39] [1] 0.35
INFO [2022-02-07 09:56:39] 
INFO [2022-02-07 09:56:39] $main.fontface
INFO [2022-02-07 09:56:39] [1] "bold"
INFO [2022-02-07 09:56:39] 
INFO [2022-02-07 09:56:39] $lwd
INFO [2022-02-07 09:56:39] [1] 0.5
INFO [2022-02-07 09:56:39] 
INFO [2022-02-07 09:56:39] $lty
INFO [2022-02-07 09:56:39] [1] 1
INFO [2022-02-07 09:56:39] 
INFO [2022-02-07 09:56:39] $fill
INFO [2022-02-07 09:56:39] myCol
INFO [2022-02-07 09:56:39] 
INFO [2022-02-07 09:56:39] $cex
INFO [2022-02-07 09:56:39] [1] 0.4
INFO [2022-02-07 09:56:39] 
INFO [2022-02-07 09:56:39] $fontface
INFO [2022-02-07 09:56:39] [1] "bold"
INFO [2022-02-07 09:56:39] 
INFO [2022-02-07 09:56:39] $fontfamily
INFO [2022-02-07 09:56:39] [1] "sans"
INFO [2022-02-07 09:56:39] 
INFO [2022-02-07 09:56:39] $cat.cex
INFO [2022-02-07 09:56:39] [1] 0.4
INFO [2022-02-07 09:56:39] 
INFO [2022-02-07 09:56:39] $cat.fontface
INFO [2022-02-07 09:56:39] [1] "italic"
INFO [2022-02-07 09:56:39] 
INFO [2022-02-07 09:56:39] $cat.default.pos
INFO [2022-02-07 09:56:39] [1] "outer"
INFO [2022-02-07 09:56:39] 
INFO [2022-02-07 09:56:39] $cat.pos
INFO [2022-02-07 09:56:39] c(-27, 27, 135)
INFO [2022-02-07 09:56:39] 
INFO [2022-02-07 09:56:39] $cat.dist
INFO [2022-02-07 09:56:39] c(0.055, 0.055, 0.085)
INFO [2022-02-07 09:56:39] 
INFO [2022-02-07 09:56:39] $cat.fontfamily
INFO [2022-02-07 09:56:39] [1] "sans"
INFO [2022-02-07 09:56:39] 
INFO [2022-02-07 09:56:39] $rotation
INFO [2022-02-07 09:56:39] [1] 1
INFO [2022-02-07 09:56:39] 
