INFO [2022-01-05 16:07:19] $x
INFO [2022-01-05 16:07:19] list(cc_tau$sequence_identifier, cc_tme$sequence_identifier, 
INFO [2022-01-05 16:07:19]     cc_tci$sequence_identifier)
INFO [2022-01-05 16:07:19] 
INFO [2022-01-05 16:07:19] $category.names
INFO [2022-01-05 16:07:19] c("T. aurantium", "T. meloni ", "T. citroni")
INFO [2022-01-05 16:07:19] 
INFO [2022-01-05 16:07:19] $filename
INFO [2022-01-05 16:07:19] [1] "Figures/18splots/core18s_vendiagram.png"
INFO [2022-01-05 16:07:19] 
INFO [2022-01-05 16:07:19] $output
INFO [2022-01-05 16:07:19] [1] TRUE
INFO [2022-01-05 16:07:19] 
INFO [2022-01-05 16:07:19] $imagetype
INFO [2022-01-05 16:07:19] [1] "png"
INFO [2022-01-05 16:07:19] 
INFO [2022-01-05 16:07:19] $height
INFO [2022-01-05 16:07:19] [1] 500
INFO [2022-01-05 16:07:19] 
INFO [2022-01-05 16:07:19] $width
INFO [2022-01-05 16:07:19] [1] 500
INFO [2022-01-05 16:07:19] 
INFO [2022-01-05 16:07:19] $resolution
INFO [2022-01-05 16:07:19] [1] 300
INFO [2022-01-05 16:07:19] 
INFO [2022-01-05 16:07:19] $compression
INFO [2022-01-05 16:07:19] [1] "lzw"
INFO [2022-01-05 16:07:19] 
INFO [2022-01-05 16:07:19] $main
INFO [2022-01-05 16:07:19] [1] "18s core communities across and between species"
INFO [2022-01-05 16:07:19] 
INFO [2022-01-05 16:07:19] $main.fontfamily
INFO [2022-01-05 16:07:19] [1] "sans"
INFO [2022-01-05 16:07:19] 
INFO [2022-01-05 16:07:19] $main.cex
INFO [2022-01-05 16:07:19] [1] 0.35
INFO [2022-01-05 16:07:19] 
INFO [2022-01-05 16:07:19] $main.fontface
INFO [2022-01-05 16:07:19] [1] "bold"
INFO [2022-01-05 16:07:19] 
INFO [2022-01-05 16:07:19] $lwd
INFO [2022-01-05 16:07:19] [1] 0.5
INFO [2022-01-05 16:07:19] 
INFO [2022-01-05 16:07:19] $lty
INFO [2022-01-05 16:07:19] [1] 1
INFO [2022-01-05 16:07:19] 
INFO [2022-01-05 16:07:19] $fill
INFO [2022-01-05 16:07:19] myCol
INFO [2022-01-05 16:07:19] 
INFO [2022-01-05 16:07:19] $cex
INFO [2022-01-05 16:07:19] [1] 0.4
INFO [2022-01-05 16:07:19] 
INFO [2022-01-05 16:07:19] $fontface
INFO [2022-01-05 16:07:19] [1] "bold"
INFO [2022-01-05 16:07:19] 
INFO [2022-01-05 16:07:19] $fontfamily
INFO [2022-01-05 16:07:19] [1] "sans"
INFO [2022-01-05 16:07:19] 
INFO [2022-01-05 16:07:19] $cat.cex
INFO [2022-01-05 16:07:19] [1] 0.4
INFO [2022-01-05 16:07:19] 
INFO [2022-01-05 16:07:19] $cat.fontface
INFO [2022-01-05 16:07:19] [1] "italic"
INFO [2022-01-05 16:07:19] 
INFO [2022-01-05 16:07:19] $cat.default.pos
INFO [2022-01-05 16:07:19] [1] "outer"
INFO [2022-01-05 16:07:19] 
INFO [2022-01-05 16:07:19] $cat.pos
INFO [2022-01-05 16:07:19] c(-27, 27, 135)
INFO [2022-01-05 16:07:19] 
INFO [2022-01-05 16:07:19] $cat.dist
INFO [2022-01-05 16:07:19] c(0.055, 0.055, 0.085)
INFO [2022-01-05 16:07:19] 
INFO [2022-01-05 16:07:19] $cat.fontfamily
INFO [2022-01-05 16:07:19] [1] "sans"
INFO [2022-01-05 16:07:19] 
INFO [2022-01-05 16:07:19] $rotation
INFO [2022-01-05 16:07:19] [1] 1
INFO [2022-01-05 16:07:19] 
