INFO [2022-01-12 16:22:03] $x
INFO [2022-01-12 16:22:03] list(cc_tau$`otus[, 1]`, cc_tme$`otus[, 1]`, cc_tci$`otus[, 1]`)
INFO [2022-01-12 16:22:03] 
INFO [2022-01-12 16:22:03] $category.names
INFO [2022-01-12 16:22:03] c("T. aurantium", "T. meloni ", "T. citrina")
INFO [2022-01-12 16:22:03] 
INFO [2022-01-12 16:22:03] $filename
INFO [2022-01-12 16:22:03] [1] "Figures/18splots/core18s_vendiagram.png"
INFO [2022-01-12 16:22:03] 
INFO [2022-01-12 16:22:03] $output
INFO [2022-01-12 16:22:03] [1] TRUE
INFO [2022-01-12 16:22:03] 
INFO [2022-01-12 16:22:03] $imagetype
INFO [2022-01-12 16:22:03] [1] "png"
INFO [2022-01-12 16:22:03] 
INFO [2022-01-12 16:22:03] $height
INFO [2022-01-12 16:22:03] [1] 500
INFO [2022-01-12 16:22:03] 
INFO [2022-01-12 16:22:03] $width
INFO [2022-01-12 16:22:03] [1] 500
INFO [2022-01-12 16:22:03] 
INFO [2022-01-12 16:22:03] $resolution
INFO [2022-01-12 16:22:03] [1] 300
INFO [2022-01-12 16:22:03] 
INFO [2022-01-12 16:22:03] $compression
INFO [2022-01-12 16:22:03] [1] "lzw"
INFO [2022-01-12 16:22:03] 
INFO [2022-01-12 16:22:03] $main
INFO [2022-01-12 16:22:03] [1] "18s core communities across and between species"
INFO [2022-01-12 16:22:03] 
INFO [2022-01-12 16:22:03] $main.fontfamily
INFO [2022-01-12 16:22:03] [1] "sans"
INFO [2022-01-12 16:22:03] 
INFO [2022-01-12 16:22:03] $main.cex
INFO [2022-01-12 16:22:03] [1] 0.35
INFO [2022-01-12 16:22:03] 
INFO [2022-01-12 16:22:03] $main.fontface
INFO [2022-01-12 16:22:03] [1] "bold"
INFO [2022-01-12 16:22:03] 
INFO [2022-01-12 16:22:03] $lwd
INFO [2022-01-12 16:22:03] [1] 0.5
INFO [2022-01-12 16:22:03] 
INFO [2022-01-12 16:22:03] $lty
INFO [2022-01-12 16:22:03] [1] 1
INFO [2022-01-12 16:22:03] 
INFO [2022-01-12 16:22:03] $fill
INFO [2022-01-12 16:22:03] myCol
INFO [2022-01-12 16:22:03] 
INFO [2022-01-12 16:22:03] $cex
INFO [2022-01-12 16:22:03] [1] 0.4
INFO [2022-01-12 16:22:03] 
INFO [2022-01-12 16:22:03] $fontface
INFO [2022-01-12 16:22:03] [1] "bold"
INFO [2022-01-12 16:22:03] 
INFO [2022-01-12 16:22:03] $fontfamily
INFO [2022-01-12 16:22:03] [1] "sans"
INFO [2022-01-12 16:22:03] 
INFO [2022-01-12 16:22:03] $cat.cex
INFO [2022-01-12 16:22:03] [1] 0.4
INFO [2022-01-12 16:22:03] 
INFO [2022-01-12 16:22:03] $cat.fontface
INFO [2022-01-12 16:22:03] [1] "italic"
INFO [2022-01-12 16:22:03] 
INFO [2022-01-12 16:22:03] $cat.default.pos
INFO [2022-01-12 16:22:03] [1] "outer"
INFO [2022-01-12 16:22:03] 
INFO [2022-01-12 16:22:03] $cat.pos
INFO [2022-01-12 16:22:03] c(-27, 27, 135)
INFO [2022-01-12 16:22:03] 
INFO [2022-01-12 16:22:03] $cat.dist
INFO [2022-01-12 16:22:03] c(0.055, 0.055, 0.085)
INFO [2022-01-12 16:22:03] 
INFO [2022-01-12 16:22:03] $cat.fontfamily
INFO [2022-01-12 16:22:03] [1] "sans"
INFO [2022-01-12 16:22:03] 
INFO [2022-01-12 16:22:03] $rotation
INFO [2022-01-12 16:22:03] [1] 1
INFO [2022-01-12 16:22:03] 
