INFO [2022-02-07 09:50:20] $x
INFO [2022-02-07 09:50:20] list(cc_tau$X.OTU.ID, cc_tme$X.OTU.ID, cc_tci$X.OTU.ID)
INFO [2022-02-07 09:50:20] 
INFO [2022-02-07 09:50:20] $category.names
INFO [2022-02-07 09:50:20] c("T. aurantium", "T. meloni ", "T. citrina")
INFO [2022-02-07 09:50:20] 
INFO [2022-02-07 09:50:20] $filename
INFO [2022-02-07 09:50:20] [1] "Figures/18splots/core18s_vendiagram.png"
INFO [2022-02-07 09:50:20] 
INFO [2022-02-07 09:50:20] $output
INFO [2022-02-07 09:50:20] [1] TRUE
INFO [2022-02-07 09:50:20] 
INFO [2022-02-07 09:50:20] $imagetype
INFO [2022-02-07 09:50:20] [1] "png"
INFO [2022-02-07 09:50:20] 
INFO [2022-02-07 09:50:20] $height
INFO [2022-02-07 09:50:20] [1] 500
INFO [2022-02-07 09:50:20] 
INFO [2022-02-07 09:50:20] $width
INFO [2022-02-07 09:50:20] [1] 500
INFO [2022-02-07 09:50:20] 
INFO [2022-02-07 09:50:20] $resolution
INFO [2022-02-07 09:50:20] [1] 300
INFO [2022-02-07 09:50:20] 
INFO [2022-02-07 09:50:20] $compression
INFO [2022-02-07 09:50:20] [1] "lzw"
INFO [2022-02-07 09:50:20] 
INFO [2022-02-07 09:50:20] $main
INFO [2022-02-07 09:50:20] [1] "18s core communities across and between species"
INFO [2022-02-07 09:50:20] 
INFO [2022-02-07 09:50:20] $main.fontfamily
INFO [2022-02-07 09:50:20] [1] "sans"
INFO [2022-02-07 09:50:20] 
INFO [2022-02-07 09:50:20] $main.cex
INFO [2022-02-07 09:50:20] [1] 0.35
INFO [2022-02-07 09:50:20] 
INFO [2022-02-07 09:50:20] $main.fontface
INFO [2022-02-07 09:50:20] [1] "bold"
INFO [2022-02-07 09:50:20] 
INFO [2022-02-07 09:50:20] $lwd
INFO [2022-02-07 09:50:20] [1] 0.5
INFO [2022-02-07 09:50:20] 
INFO [2022-02-07 09:50:20] $lty
INFO [2022-02-07 09:50:20] [1] 1
INFO [2022-02-07 09:50:20] 
INFO [2022-02-07 09:50:20] $fill
INFO [2022-02-07 09:50:20] myCol
INFO [2022-02-07 09:50:20] 
INFO [2022-02-07 09:50:20] $cex
INFO [2022-02-07 09:50:20] [1] 0.4
INFO [2022-02-07 09:50:20] 
INFO [2022-02-07 09:50:20] $fontface
INFO [2022-02-07 09:50:20] [1] "bold"
INFO [2022-02-07 09:50:20] 
INFO [2022-02-07 09:50:20] $fontfamily
INFO [2022-02-07 09:50:20] [1] "sans"
INFO [2022-02-07 09:50:20] 
INFO [2022-02-07 09:50:20] $cat.cex
INFO [2022-02-07 09:50:20] [1] 0.4
INFO [2022-02-07 09:50:20] 
INFO [2022-02-07 09:50:20] $cat.fontface
INFO [2022-02-07 09:50:20] [1] "italic"
INFO [2022-02-07 09:50:20] 
INFO [2022-02-07 09:50:20] $cat.default.pos
INFO [2022-02-07 09:50:20] [1] "outer"
INFO [2022-02-07 09:50:20] 
INFO [2022-02-07 09:50:20] $cat.pos
INFO [2022-02-07 09:50:20] c(-27, 27, 135)
INFO [2022-02-07 09:50:20] 
INFO [2022-02-07 09:50:20] $cat.dist
INFO [2022-02-07 09:50:20] c(0.055, 0.055, 0.085)
INFO [2022-02-07 09:50:20] 
INFO [2022-02-07 09:50:20] $cat.fontfamily
INFO [2022-02-07 09:50:20] [1] "sans"
INFO [2022-02-07 09:50:20] 
INFO [2022-02-07 09:50:20] $rotation
INFO [2022-02-07 09:50:20] [1] 1
INFO [2022-02-07 09:50:20] 
