INFO [2022-02-04 16:48:35] $x
INFO [2022-02-04 16:48:35] list(cc_tau$`otus[, 1]`, cc_tme$`otus[, 1]`, cc_tci$`otus[, 1]`)
INFO [2022-02-04 16:48:35] 
INFO [2022-02-04 16:48:35] $category.names
INFO [2022-02-04 16:48:35] c("T. aurantium", "T. meloni ", "T. citrina")
INFO [2022-02-04 16:48:35] 
INFO [2022-02-04 16:48:35] $filename
INFO [2022-02-04 16:48:35] [1] "Figures/18splots/core18s_vendiagram.png"
INFO [2022-02-04 16:48:35] 
INFO [2022-02-04 16:48:35] $output
INFO [2022-02-04 16:48:35] [1] TRUE
INFO [2022-02-04 16:48:35] 
INFO [2022-02-04 16:48:35] $imagetype
INFO [2022-02-04 16:48:35] [1] "png"
INFO [2022-02-04 16:48:35] 
INFO [2022-02-04 16:48:35] $height
INFO [2022-02-04 16:48:35] [1] 500
INFO [2022-02-04 16:48:35] 
INFO [2022-02-04 16:48:35] $width
INFO [2022-02-04 16:48:35] [1] 500
INFO [2022-02-04 16:48:35] 
INFO [2022-02-04 16:48:35] $resolution
INFO [2022-02-04 16:48:35] [1] 300
INFO [2022-02-04 16:48:35] 
INFO [2022-02-04 16:48:35] $compression
INFO [2022-02-04 16:48:35] [1] "lzw"
INFO [2022-02-04 16:48:35] 
INFO [2022-02-04 16:48:35] $main
INFO [2022-02-04 16:48:35] [1] "18s core communities across and between species"
INFO [2022-02-04 16:48:35] 
INFO [2022-02-04 16:48:35] $main.fontfamily
INFO [2022-02-04 16:48:35] [1] "sans"
INFO [2022-02-04 16:48:35] 
INFO [2022-02-04 16:48:35] $main.cex
INFO [2022-02-04 16:48:35] [1] 0.35
INFO [2022-02-04 16:48:35] 
INFO [2022-02-04 16:48:35] $main.fontface
INFO [2022-02-04 16:48:35] [1] "bold"
INFO [2022-02-04 16:48:35] 
INFO [2022-02-04 16:48:35] $lwd
INFO [2022-02-04 16:48:35] [1] 0.5
INFO [2022-02-04 16:48:35] 
INFO [2022-02-04 16:48:35] $lty
INFO [2022-02-04 16:48:35] [1] 1
INFO [2022-02-04 16:48:35] 
INFO [2022-02-04 16:48:35] $fill
INFO [2022-02-04 16:48:35] myCol
INFO [2022-02-04 16:48:35] 
INFO [2022-02-04 16:48:35] $cex
INFO [2022-02-04 16:48:35] [1] 0.4
INFO [2022-02-04 16:48:35] 
INFO [2022-02-04 16:48:35] $fontface
INFO [2022-02-04 16:48:35] [1] "bold"
INFO [2022-02-04 16:48:35] 
INFO [2022-02-04 16:48:35] $fontfamily
INFO [2022-02-04 16:48:35] [1] "sans"
INFO [2022-02-04 16:48:35] 
INFO [2022-02-04 16:48:35] $cat.cex
INFO [2022-02-04 16:48:35] [1] 0.4
INFO [2022-02-04 16:48:35] 
INFO [2022-02-04 16:48:35] $cat.fontface
INFO [2022-02-04 16:48:35] [1] "italic"
INFO [2022-02-04 16:48:35] 
INFO [2022-02-04 16:48:35] $cat.default.pos
INFO [2022-02-04 16:48:35] [1] "outer"
INFO [2022-02-04 16:48:35] 
INFO [2022-02-04 16:48:35] $cat.pos
INFO [2022-02-04 16:48:35] c(-27, 27, 135)
INFO [2022-02-04 16:48:35] 
INFO [2022-02-04 16:48:35] $cat.dist
INFO [2022-02-04 16:48:35] c(0.055, 0.055, 0.085)
INFO [2022-02-04 16:48:35] 
INFO [2022-02-04 16:48:35] $cat.fontfamily
INFO [2022-02-04 16:48:35] [1] "sans"
INFO [2022-02-04 16:48:35] 
INFO [2022-02-04 16:48:35] $rotation
INFO [2022-02-04 16:48:35] [1] 1
INFO [2022-02-04 16:48:35] 
