INFO [2022-02-04 16:49:23] $x
INFO [2022-02-04 16:49:23] list(cc_tau$X.OTU.ID, cc_tme$X.OTU.ID, cc_tci$X.OTU.ID)
INFO [2022-02-04 16:49:23] 
INFO [2022-02-04 16:49:23] $category.names
INFO [2022-02-04 16:49:23] c("T. aurantium", "T. meloni ", "T. citrina")
INFO [2022-02-04 16:49:23] 
INFO [2022-02-04 16:49:23] $filename
INFO [2022-02-04 16:49:23] [1] "Figures/18splots/core18s_vendiagram.png"
INFO [2022-02-04 16:49:23] 
INFO [2022-02-04 16:49:23] $output
INFO [2022-02-04 16:49:23] [1] TRUE
INFO [2022-02-04 16:49:23] 
INFO [2022-02-04 16:49:23] $imagetype
INFO [2022-02-04 16:49:23] [1] "png"
INFO [2022-02-04 16:49:23] 
INFO [2022-02-04 16:49:23] $height
INFO [2022-02-04 16:49:23] [1] 500
INFO [2022-02-04 16:49:23] 
INFO [2022-02-04 16:49:23] $width
INFO [2022-02-04 16:49:23] [1] 500
INFO [2022-02-04 16:49:23] 
INFO [2022-02-04 16:49:23] $resolution
INFO [2022-02-04 16:49:23] [1] 300
INFO [2022-02-04 16:49:23] 
INFO [2022-02-04 16:49:23] $compression
INFO [2022-02-04 16:49:23] [1] "lzw"
INFO [2022-02-04 16:49:23] 
INFO [2022-02-04 16:49:23] $main
INFO [2022-02-04 16:49:23] [1] "18s core communities across and between species"
INFO [2022-02-04 16:49:23] 
INFO [2022-02-04 16:49:23] $main.fontfamily
INFO [2022-02-04 16:49:23] [1] "sans"
INFO [2022-02-04 16:49:23] 
INFO [2022-02-04 16:49:23] $main.cex
INFO [2022-02-04 16:49:23] [1] 0.35
INFO [2022-02-04 16:49:23] 
INFO [2022-02-04 16:49:23] $main.fontface
INFO [2022-02-04 16:49:23] [1] "bold"
INFO [2022-02-04 16:49:23] 
INFO [2022-02-04 16:49:23] $lwd
INFO [2022-02-04 16:49:23] [1] 0.5
INFO [2022-02-04 16:49:23] 
INFO [2022-02-04 16:49:23] $lty
INFO [2022-02-04 16:49:23] [1] 1
INFO [2022-02-04 16:49:23] 
INFO [2022-02-04 16:49:23] $fill
INFO [2022-02-04 16:49:23] myCol
INFO [2022-02-04 16:49:23] 
INFO [2022-02-04 16:49:23] $cex
INFO [2022-02-04 16:49:23] [1] 0.4
INFO [2022-02-04 16:49:23] 
INFO [2022-02-04 16:49:23] $fontface
INFO [2022-02-04 16:49:23] [1] "bold"
INFO [2022-02-04 16:49:23] 
INFO [2022-02-04 16:49:23] $fontfamily
INFO [2022-02-04 16:49:23] [1] "sans"
INFO [2022-02-04 16:49:23] 
INFO [2022-02-04 16:49:23] $cat.cex
INFO [2022-02-04 16:49:23] [1] 0.4
INFO [2022-02-04 16:49:23] 
INFO [2022-02-04 16:49:23] $cat.fontface
INFO [2022-02-04 16:49:23] [1] "italic"
INFO [2022-02-04 16:49:23] 
INFO [2022-02-04 16:49:23] $cat.default.pos
INFO [2022-02-04 16:49:23] [1] "outer"
INFO [2022-02-04 16:49:23] 
INFO [2022-02-04 16:49:23] $cat.pos
INFO [2022-02-04 16:49:23] c(-27, 27, 135)
INFO [2022-02-04 16:49:23] 
INFO [2022-02-04 16:49:23] $cat.dist
INFO [2022-02-04 16:49:23] c(0.055, 0.055, 0.085)
INFO [2022-02-04 16:49:23] 
INFO [2022-02-04 16:49:23] $cat.fontfamily
INFO [2022-02-04 16:49:23] [1] "sans"
INFO [2022-02-04 16:49:23] 
INFO [2022-02-04 16:49:23] $rotation
INFO [2022-02-04 16:49:23] [1] 1
INFO [2022-02-04 16:49:23] 
