INFO [2022-02-03 10:39:11] $x
INFO [2022-02-03 10:39:11] list(otun_tau$sequence_identifier, otun_tme$sequence_identifier, 
INFO [2022-02-03 10:39:11]     otun_tci$sequence_identifier)
INFO [2022-02-03 10:39:11] 
INFO [2022-02-03 10:39:11] $category.names
INFO [2022-02-03 10:39:11] c("T. aurantium", "T. meloni ", "T. citrina")
INFO [2022-02-03 10:39:11] 
INFO [2022-02-03 10:39:11] $filename
INFO [2022-02-03 10:39:11] [1] "Figures/18splots/spreadofrichness_venn_diagramm.png"
INFO [2022-02-03 10:39:11] 
INFO [2022-02-03 10:39:11] $output
INFO [2022-02-03 10:39:11] [1] TRUE
INFO [2022-02-03 10:39:11] 
INFO [2022-02-03 10:39:11] $imagetype
INFO [2022-02-03 10:39:11] [1] "png"
INFO [2022-02-03 10:39:11] 
INFO [2022-02-03 10:39:11] $height
INFO [2022-02-03 10:39:11] [1] 500
INFO [2022-02-03 10:39:11] 
INFO [2022-02-03 10:39:11] $width
INFO [2022-02-03 10:39:11] [1] 500
INFO [2022-02-03 10:39:11] 
INFO [2022-02-03 10:39:11] $resolution
INFO [2022-02-03 10:39:11] [1] 300
INFO [2022-02-03 10:39:11] 
INFO [2022-02-03 10:39:11] $compression
INFO [2022-02-03 10:39:11] [1] "lzw"
INFO [2022-02-03 10:39:11] 
INFO [2022-02-03 10:39:11] $main
INFO [2022-02-03 10:39:11] [1] "18s OTU richness across and between species"
INFO [2022-02-03 10:39:11] 
INFO [2022-02-03 10:39:11] $main.fontfamily
INFO [2022-02-03 10:39:11] [1] "sans"
INFO [2022-02-03 10:39:11] 
INFO [2022-02-03 10:39:11] $main.cex
INFO [2022-02-03 10:39:11] [1] 0.35
INFO [2022-02-03 10:39:11] 
INFO [2022-02-03 10:39:11] $main.fontface
INFO [2022-02-03 10:39:11] [1] "bold"
INFO [2022-02-03 10:39:11] 
INFO [2022-02-03 10:39:11] $lwd
INFO [2022-02-03 10:39:11] [1] 0.5
INFO [2022-02-03 10:39:11] 
INFO [2022-02-03 10:39:11] $lty
INFO [2022-02-03 10:39:11] [1] 1
INFO [2022-02-03 10:39:11] 
INFO [2022-02-03 10:39:11] $fill
INFO [2022-02-03 10:39:11] myCol
INFO [2022-02-03 10:39:11] 
INFO [2022-02-03 10:39:11] $cex
INFO [2022-02-03 10:39:11] [1] 0.4
INFO [2022-02-03 10:39:11] 
INFO [2022-02-03 10:39:11] $fontface
INFO [2022-02-03 10:39:11] [1] "bold"
INFO [2022-02-03 10:39:11] 
INFO [2022-02-03 10:39:11] $fontfamily
INFO [2022-02-03 10:39:11] [1] "sans"
INFO [2022-02-03 10:39:11] 
INFO [2022-02-03 10:39:11] $cat.cex
INFO [2022-02-03 10:39:11] [1] 0.4
INFO [2022-02-03 10:39:11] 
INFO [2022-02-03 10:39:11] $cat.fontface
INFO [2022-02-03 10:39:11] [1] "italic"
INFO [2022-02-03 10:39:11] 
INFO [2022-02-03 10:39:11] $cat.default.pos
INFO [2022-02-03 10:39:11] [1] "outer"
INFO [2022-02-03 10:39:11] 
INFO [2022-02-03 10:39:11] $cat.pos
INFO [2022-02-03 10:39:11] c(-27, 27, 135)
INFO [2022-02-03 10:39:11] 
INFO [2022-02-03 10:39:11] $cat.dist
INFO [2022-02-03 10:39:11] c(0.055, 0.055, 0.085)
INFO [2022-02-03 10:39:11] 
INFO [2022-02-03 10:39:11] $cat.fontfamily
INFO [2022-02-03 10:39:11] [1] "sans"
INFO [2022-02-03 10:39:11] 
INFO [2022-02-03 10:39:11] $rotation
INFO [2022-02-03 10:39:11] [1] 1
INFO [2022-02-03 10:39:11] 
