INFO [2022-02-07 09:49:01] $x
INFO [2022-02-07 09:49:01] list(otun_tau$`otus[, 1]`, otun_tme$`otus[, 1]`, otun_tci$`otus[, 1]`)
INFO [2022-02-07 09:49:01] 
INFO [2022-02-07 09:49:01] $category.names
INFO [2022-02-07 09:49:01] c("T. aurantium", "T. meloni ", "T. citrina")
INFO [2022-02-07 09:49:01] 
INFO [2022-02-07 09:49:01] $filename
INFO [2022-02-07 09:49:01] [1] "Figures/18splots/spreadofrichness_venn_diagramm.png"
INFO [2022-02-07 09:49:01] 
INFO [2022-02-07 09:49:01] $output
INFO [2022-02-07 09:49:01] [1] TRUE
INFO [2022-02-07 09:49:01] 
INFO [2022-02-07 09:49:01] $imagetype
INFO [2022-02-07 09:49:01] [1] "png"
INFO [2022-02-07 09:49:01] 
INFO [2022-02-07 09:49:01] $height
INFO [2022-02-07 09:49:01] [1] 500
INFO [2022-02-07 09:49:01] 
INFO [2022-02-07 09:49:01] $width
INFO [2022-02-07 09:49:01] [1] 500
INFO [2022-02-07 09:49:01] 
INFO [2022-02-07 09:49:01] $resolution
INFO [2022-02-07 09:49:01] [1] 300
INFO [2022-02-07 09:49:01] 
INFO [2022-02-07 09:49:01] $compression
INFO [2022-02-07 09:49:01] [1] "lzw"
INFO [2022-02-07 09:49:01] 
INFO [2022-02-07 09:49:01] $main
INFO [2022-02-07 09:49:01] [1] "18s OTU richness across and between species"
INFO [2022-02-07 09:49:01] 
INFO [2022-02-07 09:49:01] $main.fontfamily
INFO [2022-02-07 09:49:01] [1] "sans"
INFO [2022-02-07 09:49:01] 
INFO [2022-02-07 09:49:01] $main.cex
INFO [2022-02-07 09:49:01] [1] 0.35
INFO [2022-02-07 09:49:01] 
INFO [2022-02-07 09:49:01] $main.fontface
INFO [2022-02-07 09:49:01] [1] "bold"
INFO [2022-02-07 09:49:01] 
INFO [2022-02-07 09:49:01] $lwd
INFO [2022-02-07 09:49:01] [1] 0.5
INFO [2022-02-07 09:49:01] 
INFO [2022-02-07 09:49:01] $lty
INFO [2022-02-07 09:49:01] [1] 1
INFO [2022-02-07 09:49:01] 
INFO [2022-02-07 09:49:01] $fill
INFO [2022-02-07 09:49:01] myCol
INFO [2022-02-07 09:49:01] 
INFO [2022-02-07 09:49:01] $cex
INFO [2022-02-07 09:49:01] [1] 0.4
INFO [2022-02-07 09:49:01] 
INFO [2022-02-07 09:49:01] $fontface
INFO [2022-02-07 09:49:01] [1] "bold"
INFO [2022-02-07 09:49:01] 
INFO [2022-02-07 09:49:01] $fontfamily
INFO [2022-02-07 09:49:01] [1] "sans"
INFO [2022-02-07 09:49:01] 
INFO [2022-02-07 09:49:01] $cat.cex
INFO [2022-02-07 09:49:01] [1] 0.4
INFO [2022-02-07 09:49:01] 
INFO [2022-02-07 09:49:01] $cat.fontface
INFO [2022-02-07 09:49:01] [1] "italic"
INFO [2022-02-07 09:49:01] 
INFO [2022-02-07 09:49:01] $cat.default.pos
INFO [2022-02-07 09:49:01] [1] "outer"
INFO [2022-02-07 09:49:01] 
INFO [2022-02-07 09:49:01] $cat.pos
INFO [2022-02-07 09:49:01] c(-27, 27, 135)
INFO [2022-02-07 09:49:01] 
INFO [2022-02-07 09:49:01] $cat.dist
INFO [2022-02-07 09:49:01] c(0.055, 0.055, 0.085)
INFO [2022-02-07 09:49:01] 
INFO [2022-02-07 09:49:01] $cat.fontfamily
INFO [2022-02-07 09:49:01] [1] "sans"
INFO [2022-02-07 09:49:01] 
INFO [2022-02-07 09:49:01] $rotation
INFO [2022-02-07 09:49:01] [1] 1
INFO [2022-02-07 09:49:01] 
