INFO [2022-02-03 10:50:57] $x
INFO [2022-02-03 10:50:57] list(otun_tau$`otus[,1]`, otun_tme$`otus[, 1]`, otun_tci$`otus[, 1]`)
INFO [2022-02-03 10:50:57] 
INFO [2022-02-03 10:50:57] $category.names
INFO [2022-02-03 10:50:57] c("T. aurantium", "T. meloni ", "T. citrina")
INFO [2022-02-03 10:50:57] 
INFO [2022-02-03 10:50:57] $filename
INFO [2022-02-03 10:50:57] [1] "Figures/18splots/spreadofrichness_venn_diagramm.png"
INFO [2022-02-03 10:50:57] 
INFO [2022-02-03 10:50:57] $output
INFO [2022-02-03 10:50:57] [1] TRUE
INFO [2022-02-03 10:50:57] 
INFO [2022-02-03 10:50:57] $imagetype
INFO [2022-02-03 10:50:57] [1] "png"
INFO [2022-02-03 10:50:57] 
INFO [2022-02-03 10:50:57] $height
INFO [2022-02-03 10:50:57] [1] 500
INFO [2022-02-03 10:50:57] 
INFO [2022-02-03 10:50:57] $width
INFO [2022-02-03 10:50:57] [1] 500
INFO [2022-02-03 10:50:57] 
INFO [2022-02-03 10:50:57] $resolution
INFO [2022-02-03 10:50:57] [1] 300
INFO [2022-02-03 10:50:57] 
INFO [2022-02-03 10:50:57] $compression
INFO [2022-02-03 10:50:57] [1] "lzw"
INFO [2022-02-03 10:50:57] 
INFO [2022-02-03 10:50:57] $main
INFO [2022-02-03 10:50:57] [1] "18s OTU richness across and between species"
INFO [2022-02-03 10:50:57] 
INFO [2022-02-03 10:50:57] $main.fontfamily
INFO [2022-02-03 10:50:57] [1] "sans"
INFO [2022-02-03 10:50:57] 
INFO [2022-02-03 10:50:57] $main.cex
INFO [2022-02-03 10:50:57] [1] 0.35
INFO [2022-02-03 10:50:57] 
INFO [2022-02-03 10:50:57] $main.fontface
INFO [2022-02-03 10:50:57] [1] "bold"
INFO [2022-02-03 10:50:57] 
INFO [2022-02-03 10:50:57] $lwd
INFO [2022-02-03 10:50:57] [1] 0.5
INFO [2022-02-03 10:50:57] 
INFO [2022-02-03 10:50:57] $lty
INFO [2022-02-03 10:50:57] [1] 1
INFO [2022-02-03 10:50:57] 
INFO [2022-02-03 10:50:57] $fill
INFO [2022-02-03 10:50:57] myCol
INFO [2022-02-03 10:50:57] 
INFO [2022-02-03 10:50:57] $cex
INFO [2022-02-03 10:50:57] [1] 0.4
INFO [2022-02-03 10:50:57] 
INFO [2022-02-03 10:50:57] $fontface
INFO [2022-02-03 10:50:57] [1] "bold"
INFO [2022-02-03 10:50:57] 
INFO [2022-02-03 10:50:57] $fontfamily
INFO [2022-02-03 10:50:57] [1] "sans"
INFO [2022-02-03 10:50:57] 
INFO [2022-02-03 10:50:57] $cat.cex
INFO [2022-02-03 10:50:57] [1] 0.4
INFO [2022-02-03 10:50:57] 
INFO [2022-02-03 10:50:57] $cat.fontface
INFO [2022-02-03 10:50:57] [1] "italic"
INFO [2022-02-03 10:50:57] 
INFO [2022-02-03 10:50:57] $cat.default.pos
INFO [2022-02-03 10:50:57] [1] "outer"
INFO [2022-02-03 10:50:57] 
INFO [2022-02-03 10:50:57] $cat.pos
INFO [2022-02-03 10:50:57] c(-27, 27, 135)
INFO [2022-02-03 10:50:57] 
INFO [2022-02-03 10:50:57] $cat.dist
INFO [2022-02-03 10:50:57] c(0.055, 0.055, 0.085)
INFO [2022-02-03 10:50:57] 
INFO [2022-02-03 10:50:57] $cat.fontfamily
INFO [2022-02-03 10:50:57] [1] "sans"
INFO [2022-02-03 10:50:57] 
INFO [2022-02-03 10:50:57] $rotation
INFO [2022-02-03 10:50:57] [1] 1
INFO [2022-02-03 10:50:57] 
