INFO [2022-02-03 10:51:17] $x
INFO [2022-02-03 10:51:17] list(otun_tau$`otus[, 1]`, otun_tme$`otus[, 1]`, otun_tci$`otus[, 1]`)
INFO [2022-02-03 10:51:17] 
INFO [2022-02-03 10:51:17] $category.names
INFO [2022-02-03 10:51:17] c("T. aurantium", "T. meloni ", "T. citrina")
INFO [2022-02-03 10:51:17] 
INFO [2022-02-03 10:51:17] $filename
INFO [2022-02-03 10:51:17] [1] "Figures/18splots/spreadofrichness_venn_diagramm.png"
INFO [2022-02-03 10:51:17] 
INFO [2022-02-03 10:51:17] $output
INFO [2022-02-03 10:51:17] [1] TRUE
INFO [2022-02-03 10:51:17] 
INFO [2022-02-03 10:51:17] $imagetype
INFO [2022-02-03 10:51:17] [1] "png"
INFO [2022-02-03 10:51:17] 
INFO [2022-02-03 10:51:17] $height
INFO [2022-02-03 10:51:17] [1] 500
INFO [2022-02-03 10:51:17] 
INFO [2022-02-03 10:51:17] $width
INFO [2022-02-03 10:51:17] [1] 500
INFO [2022-02-03 10:51:17] 
INFO [2022-02-03 10:51:17] $resolution
INFO [2022-02-03 10:51:17] [1] 300
INFO [2022-02-03 10:51:17] 
INFO [2022-02-03 10:51:17] $compression
INFO [2022-02-03 10:51:17] [1] "lzw"
INFO [2022-02-03 10:51:17] 
INFO [2022-02-03 10:51:17] $main
INFO [2022-02-03 10:51:17] [1] "18s OTU richness across and between species"
INFO [2022-02-03 10:51:17] 
INFO [2022-02-03 10:51:17] $main.fontfamily
INFO [2022-02-03 10:51:17] [1] "sans"
INFO [2022-02-03 10:51:17] 
INFO [2022-02-03 10:51:17] $main.cex
INFO [2022-02-03 10:51:17] [1] 0.35
INFO [2022-02-03 10:51:17] 
INFO [2022-02-03 10:51:17] $main.fontface
INFO [2022-02-03 10:51:17] [1] "bold"
INFO [2022-02-03 10:51:17] 
INFO [2022-02-03 10:51:17] $lwd
INFO [2022-02-03 10:51:17] [1] 0.5
INFO [2022-02-03 10:51:17] 
INFO [2022-02-03 10:51:17] $lty
INFO [2022-02-03 10:51:17] [1] 1
INFO [2022-02-03 10:51:17] 
INFO [2022-02-03 10:51:17] $fill
INFO [2022-02-03 10:51:17] myCol
INFO [2022-02-03 10:51:17] 
INFO [2022-02-03 10:51:17] $cex
INFO [2022-02-03 10:51:17] [1] 0.4
INFO [2022-02-03 10:51:17] 
INFO [2022-02-03 10:51:17] $fontface
INFO [2022-02-03 10:51:17] [1] "bold"
INFO [2022-02-03 10:51:17] 
INFO [2022-02-03 10:51:17] $fontfamily
INFO [2022-02-03 10:51:17] [1] "sans"
INFO [2022-02-03 10:51:17] 
INFO [2022-02-03 10:51:17] $cat.cex
INFO [2022-02-03 10:51:17] [1] 0.4
INFO [2022-02-03 10:51:17] 
INFO [2022-02-03 10:51:17] $cat.fontface
INFO [2022-02-03 10:51:17] [1] "italic"
INFO [2022-02-03 10:51:17] 
INFO [2022-02-03 10:51:17] $cat.default.pos
INFO [2022-02-03 10:51:17] [1] "outer"
INFO [2022-02-03 10:51:17] 
INFO [2022-02-03 10:51:17] $cat.pos
INFO [2022-02-03 10:51:17] c(-27, 27, 135)
INFO [2022-02-03 10:51:17] 
INFO [2022-02-03 10:51:17] $cat.dist
INFO [2022-02-03 10:51:17] c(0.055, 0.055, 0.085)
INFO [2022-02-03 10:51:17] 
INFO [2022-02-03 10:51:17] $cat.fontfamily
INFO [2022-02-03 10:51:17] [1] "sans"
INFO [2022-02-03 10:51:17] 
INFO [2022-02-03 10:51:17] $rotation
INFO [2022-02-03 10:51:17] [1] 1
INFO [2022-02-03 10:51:17] 
