INFO [2022-02-07 09:50:00] $x
INFO [2022-02-07 09:50:00] list(otun_tau$X.OTU.ID, otun_tme$X.OTU.ID, otun_tci$X.OTU.ID)
INFO [2022-02-07 09:50:00] 
INFO [2022-02-07 09:50:00] $category.names
INFO [2022-02-07 09:50:00] c("T. aurantium", "T. meloni ", "T. citrina")
INFO [2022-02-07 09:50:00] 
INFO [2022-02-07 09:50:00] $filename
INFO [2022-02-07 09:50:00] [1] "Figures/18splots/spreadofrichness_venn_diagramm.png"
INFO [2022-02-07 09:50:00] 
INFO [2022-02-07 09:50:00] $output
INFO [2022-02-07 09:50:00] [1] TRUE
INFO [2022-02-07 09:50:00] 
INFO [2022-02-07 09:50:00] $imagetype
INFO [2022-02-07 09:50:00] [1] "png"
INFO [2022-02-07 09:50:00] 
INFO [2022-02-07 09:50:00] $height
INFO [2022-02-07 09:50:00] [1] 500
INFO [2022-02-07 09:50:00] 
INFO [2022-02-07 09:50:00] $width
INFO [2022-02-07 09:50:00] [1] 500
INFO [2022-02-07 09:50:00] 
INFO [2022-02-07 09:50:00] $resolution
INFO [2022-02-07 09:50:00] [1] 300
INFO [2022-02-07 09:50:00] 
INFO [2022-02-07 09:50:00] $compression
INFO [2022-02-07 09:50:00] [1] "lzw"
INFO [2022-02-07 09:50:00] 
INFO [2022-02-07 09:50:00] $main
INFO [2022-02-07 09:50:00] [1] "18s OTU richness across and between species"
INFO [2022-02-07 09:50:00] 
INFO [2022-02-07 09:50:00] $main.fontfamily
INFO [2022-02-07 09:50:00] [1] "sans"
INFO [2022-02-07 09:50:00] 
INFO [2022-02-07 09:50:00] $main.cex
INFO [2022-02-07 09:50:00] [1] 0.35
INFO [2022-02-07 09:50:00] 
INFO [2022-02-07 09:50:00] $main.fontface
INFO [2022-02-07 09:50:00] [1] "bold"
INFO [2022-02-07 09:50:00] 
INFO [2022-02-07 09:50:00] $lwd
INFO [2022-02-07 09:50:00] [1] 0.5
INFO [2022-02-07 09:50:00] 
INFO [2022-02-07 09:50:00] $lty
INFO [2022-02-07 09:50:00] [1] 1
INFO [2022-02-07 09:50:00] 
INFO [2022-02-07 09:50:00] $fill
INFO [2022-02-07 09:50:00] myCol
INFO [2022-02-07 09:50:00] 
INFO [2022-02-07 09:50:00] $cex
INFO [2022-02-07 09:50:00] [1] 0.4
INFO [2022-02-07 09:50:00] 
INFO [2022-02-07 09:50:00] $fontface
INFO [2022-02-07 09:50:00] [1] "bold"
INFO [2022-02-07 09:50:00] 
INFO [2022-02-07 09:50:00] $fontfamily
INFO [2022-02-07 09:50:00] [1] "sans"
INFO [2022-02-07 09:50:00] 
INFO [2022-02-07 09:50:00] $cat.cex
INFO [2022-02-07 09:50:00] [1] 0.4
INFO [2022-02-07 09:50:00] 
INFO [2022-02-07 09:50:00] $cat.fontface
INFO [2022-02-07 09:50:00] [1] "italic"
INFO [2022-02-07 09:50:00] 
INFO [2022-02-07 09:50:00] $cat.default.pos
INFO [2022-02-07 09:50:00] [1] "outer"
INFO [2022-02-07 09:50:00] 
INFO [2022-02-07 09:50:00] $cat.pos
INFO [2022-02-07 09:50:00] c(-27, 27, 135)
INFO [2022-02-07 09:50:00] 
INFO [2022-02-07 09:50:00] $cat.dist
INFO [2022-02-07 09:50:00] c(0.055, 0.055, 0.085)
INFO [2022-02-07 09:50:00] 
INFO [2022-02-07 09:50:00] $cat.fontfamily
INFO [2022-02-07 09:50:00] [1] "sans"
INFO [2022-02-07 09:50:00] 
INFO [2022-02-07 09:50:00] $rotation
INFO [2022-02-07 09:50:00] [1] 1
INFO [2022-02-07 09:50:00] 
