INFO [2022-02-03 10:49:16] $x
INFO [2022-02-03 10:49:16] list(otun_tau$sequence_identifier, otun_tme$sequence_identifier, 
INFO [2022-02-03 10:49:16]     otun_tci$sequence_identifier)
INFO [2022-02-03 10:49:16] 
INFO [2022-02-03 10:49:16] $category.names
INFO [2022-02-03 10:49:16] c("T. aurantium", "T. meloni ", "T. citrina")
INFO [2022-02-03 10:49:16] 
INFO [2022-02-03 10:49:16] $filename
INFO [2022-02-03 10:49:16] [1] "Figures/18splots/spreadofrichness_venn_diagramm.png"
INFO [2022-02-03 10:49:16] 
INFO [2022-02-03 10:49:16] $output
INFO [2022-02-03 10:49:16] [1] TRUE
INFO [2022-02-03 10:49:16] 
INFO [2022-02-03 10:49:16] $imagetype
INFO [2022-02-03 10:49:16] [1] "png"
INFO [2022-02-03 10:49:16] 
INFO [2022-02-03 10:49:16] $height
INFO [2022-02-03 10:49:16] [1] 500
INFO [2022-02-03 10:49:16] 
INFO [2022-02-03 10:49:16] $width
INFO [2022-02-03 10:49:16] [1] 500
INFO [2022-02-03 10:49:16] 
INFO [2022-02-03 10:49:16] $resolution
INFO [2022-02-03 10:49:16] [1] 300
INFO [2022-02-03 10:49:16] 
INFO [2022-02-03 10:49:16] $compression
INFO [2022-02-03 10:49:16] [1] "lzw"
INFO [2022-02-03 10:49:16] 
INFO [2022-02-03 10:49:16] $main
INFO [2022-02-03 10:49:16] [1] "18s OTU richness across and between species"
INFO [2022-02-03 10:49:16] 
INFO [2022-02-03 10:49:16] $main.fontfamily
INFO [2022-02-03 10:49:16] [1] "sans"
INFO [2022-02-03 10:49:16] 
INFO [2022-02-03 10:49:16] $main.cex
INFO [2022-02-03 10:49:16] [1] 0.35
INFO [2022-02-03 10:49:16] 
INFO [2022-02-03 10:49:16] $main.fontface
INFO [2022-02-03 10:49:16] [1] "bold"
INFO [2022-02-03 10:49:16] 
INFO [2022-02-03 10:49:16] $lwd
INFO [2022-02-03 10:49:16] [1] 0.5
INFO [2022-02-03 10:49:16] 
INFO [2022-02-03 10:49:16] $lty
INFO [2022-02-03 10:49:16] [1] 1
INFO [2022-02-03 10:49:16] 
INFO [2022-02-03 10:49:16] $fill
INFO [2022-02-03 10:49:16] myCol
INFO [2022-02-03 10:49:16] 
INFO [2022-02-03 10:49:16] $cex
INFO [2022-02-03 10:49:16] [1] 0.4
INFO [2022-02-03 10:49:16] 
INFO [2022-02-03 10:49:16] $fontface
INFO [2022-02-03 10:49:16] [1] "bold"
INFO [2022-02-03 10:49:16] 
INFO [2022-02-03 10:49:16] $fontfamily
INFO [2022-02-03 10:49:16] [1] "sans"
INFO [2022-02-03 10:49:16] 
INFO [2022-02-03 10:49:16] $cat.cex
INFO [2022-02-03 10:49:16] [1] 0.4
INFO [2022-02-03 10:49:16] 
INFO [2022-02-03 10:49:16] $cat.fontface
INFO [2022-02-03 10:49:16] [1] "italic"
INFO [2022-02-03 10:49:16] 
INFO [2022-02-03 10:49:16] $cat.default.pos
INFO [2022-02-03 10:49:16] [1] "outer"
INFO [2022-02-03 10:49:16] 
INFO [2022-02-03 10:49:16] $cat.pos
INFO [2022-02-03 10:49:16] c(-27, 27, 135)
INFO [2022-02-03 10:49:16] 
INFO [2022-02-03 10:49:16] $cat.dist
INFO [2022-02-03 10:49:16] c(0.055, 0.055, 0.085)
INFO [2022-02-03 10:49:16] 
INFO [2022-02-03 10:49:16] $cat.fontfamily
INFO [2022-02-03 10:49:16] [1] "sans"
INFO [2022-02-03 10:49:16] 
INFO [2022-02-03 10:49:16] $rotation
INFO [2022-02-03 10:49:16] [1] 1
INFO [2022-02-03 10:49:16] 
