INFO [2022-01-07 16:34:32] $x
INFO [2022-01-07 16:34:32] list(cc_tau$sequence_identifier, cc_tme$sequence_identifier, 
INFO [2022-01-07 16:34:32]     cc_tci$sequence_identifier)
INFO [2022-01-07 16:34:32] 
INFO [2022-01-07 16:34:32] $category.names
INFO [2022-01-07 16:34:32] c("T. aurantium", "T. meloni ", "T. citrina")
INFO [2022-01-07 16:34:32] 
INFO [2022-01-07 16:34:32] $filename
INFO [2022-01-07 16:34:32] [1] "overlapping_cc_venn_diagramm.png"
INFO [2022-01-07 16:34:32] 
INFO [2022-01-07 16:34:32] $output
INFO [2022-01-07 16:34:32] [1] TRUE
INFO [2022-01-07 16:34:32] 
INFO [2022-01-07 16:34:32] $imagetype
INFO [2022-01-07 16:34:32] [1] "png"
INFO [2022-01-07 16:34:32] 
INFO [2022-01-07 16:34:32] $height
INFO [2022-01-07 16:34:32] [1] 500
INFO [2022-01-07 16:34:32] 
INFO [2022-01-07 16:34:32] $width
INFO [2022-01-07 16:34:32] [1] 500
INFO [2022-01-07 16:34:32] 
INFO [2022-01-07 16:34:32] $resolution
INFO [2022-01-07 16:34:32] [1] 300
INFO [2022-01-07 16:34:32] 
INFO [2022-01-07 16:34:32] $compression
INFO [2022-01-07 16:34:32] [1] "lzw"
INFO [2022-01-07 16:34:32] 
INFO [2022-01-07 16:34:32] $main
INFO [2022-01-07 16:34:32] [1] "Core bacterial communities across and between species"
INFO [2022-01-07 16:34:32] 
INFO [2022-01-07 16:34:32] $main.fontfamily
INFO [2022-01-07 16:34:32] [1] "sans"
INFO [2022-01-07 16:34:32] 
INFO [2022-01-07 16:34:32] $main.cex
INFO [2022-01-07 16:34:32] [1] 0.35
INFO [2022-01-07 16:34:32] 
INFO [2022-01-07 16:34:32] $main.fontface
INFO [2022-01-07 16:34:32] [1] "bold"
INFO [2022-01-07 16:34:32] 
INFO [2022-01-07 16:34:32] $lwd
INFO [2022-01-07 16:34:32] [1] 0.5
INFO [2022-01-07 16:34:32] 
INFO [2022-01-07 16:34:32] $lty
INFO [2022-01-07 16:34:32] [1] 1
INFO [2022-01-07 16:34:32] 
INFO [2022-01-07 16:34:32] $fill
INFO [2022-01-07 16:34:32] myCol
INFO [2022-01-07 16:34:32] 
INFO [2022-01-07 16:34:32] $cex
INFO [2022-01-07 16:34:32] [1] 0.4
INFO [2022-01-07 16:34:32] 
INFO [2022-01-07 16:34:32] $fontface
INFO [2022-01-07 16:34:32] [1] "bold"
INFO [2022-01-07 16:34:32] 
INFO [2022-01-07 16:34:32] $fontfamily
INFO [2022-01-07 16:34:32] [1] "sans"
INFO [2022-01-07 16:34:32] 
INFO [2022-01-07 16:34:32] $cat.cex
INFO [2022-01-07 16:34:32] [1] 0.4
INFO [2022-01-07 16:34:32] 
INFO [2022-01-07 16:34:32] $cat.fontface
INFO [2022-01-07 16:34:32] [1] "italic"
INFO [2022-01-07 16:34:32] 
INFO [2022-01-07 16:34:32] $cat.default.pos
INFO [2022-01-07 16:34:32] [1] "outer"
INFO [2022-01-07 16:34:32] 
INFO [2022-01-07 16:34:32] $cat.pos
INFO [2022-01-07 16:34:32] c(-27, 27, 135)
INFO [2022-01-07 16:34:32] 
INFO [2022-01-07 16:34:32] $cat.dist
INFO [2022-01-07 16:34:32] c(0.055, 0.055, 0.085)
INFO [2022-01-07 16:34:32] 
INFO [2022-01-07 16:34:32] $cat.fontfamily
INFO [2022-01-07 16:34:32] [1] "sans"
INFO [2022-01-07 16:34:32] 
INFO [2022-01-07 16:34:32] $rotation
INFO [2022-01-07 16:34:32] [1] 1
INFO [2022-01-07 16:34:32] 
