INFO [2022-01-11 15:08:49] $x
INFO [2022-01-11 15:08:49] list(cc_tau$sequence_identifier, cc_tme$sequence_identifier, 
INFO [2022-01-11 15:08:49]     cc_tci$sequence_identifier)
INFO [2022-01-11 15:08:49] 
INFO [2022-01-11 15:08:49] $category.names
INFO [2022-01-11 15:08:49] c("T. aurantium", "T. meloni ", "T. citrina")
INFO [2022-01-11 15:08:49] 
INFO [2022-01-11 15:08:49] $filename
INFO [2022-01-11 15:08:49] [1] "overlapping_cc_venn_diagramm.png"
INFO [2022-01-11 15:08:49] 
INFO [2022-01-11 15:08:49] $output
INFO [2022-01-11 15:08:49] [1] TRUE
INFO [2022-01-11 15:08:49] 
INFO [2022-01-11 15:08:49] $imagetype
INFO [2022-01-11 15:08:49] [1] "png"
INFO [2022-01-11 15:08:49] 
INFO [2022-01-11 15:08:49] $height
INFO [2022-01-11 15:08:49] [1] 500
INFO [2022-01-11 15:08:49] 
INFO [2022-01-11 15:08:49] $width
INFO [2022-01-11 15:08:49] [1] 500
INFO [2022-01-11 15:08:49] 
INFO [2022-01-11 15:08:49] $resolution
INFO [2022-01-11 15:08:49] [1] 300
INFO [2022-01-11 15:08:49] 
INFO [2022-01-11 15:08:49] $compression
INFO [2022-01-11 15:08:49] [1] "lzw"
INFO [2022-01-11 15:08:49] 
INFO [2022-01-11 15:08:49] $main
INFO [2022-01-11 15:08:49] [1] "Core bacterial communities across and between species"
INFO [2022-01-11 15:08:49] 
INFO [2022-01-11 15:08:49] $main.fontfamily
INFO [2022-01-11 15:08:49] [1] "sans"
INFO [2022-01-11 15:08:49] 
INFO [2022-01-11 15:08:49] $main.cex
INFO [2022-01-11 15:08:49] [1] 0.35
INFO [2022-01-11 15:08:49] 
INFO [2022-01-11 15:08:49] $main.fontface
INFO [2022-01-11 15:08:49] [1] "bold"
INFO [2022-01-11 15:08:49] 
INFO [2022-01-11 15:08:49] $lwd
INFO [2022-01-11 15:08:49] [1] 0.5
INFO [2022-01-11 15:08:49] 
INFO [2022-01-11 15:08:49] $lty
INFO [2022-01-11 15:08:49] [1] 1
INFO [2022-01-11 15:08:49] 
INFO [2022-01-11 15:08:49] $fill
INFO [2022-01-11 15:08:49] myCol
INFO [2022-01-11 15:08:49] 
INFO [2022-01-11 15:08:49] $cex
INFO [2022-01-11 15:08:49] [1] 0.4
INFO [2022-01-11 15:08:49] 
INFO [2022-01-11 15:08:49] $fontface
INFO [2022-01-11 15:08:49] [1] "bold"
INFO [2022-01-11 15:08:49] 
INFO [2022-01-11 15:08:49] $fontfamily
INFO [2022-01-11 15:08:49] [1] "sans"
INFO [2022-01-11 15:08:49] 
INFO [2022-01-11 15:08:49] $cat.cex
INFO [2022-01-11 15:08:49] [1] 0.4
INFO [2022-01-11 15:08:49] 
INFO [2022-01-11 15:08:49] $cat.fontface
INFO [2022-01-11 15:08:49] [1] "italic"
INFO [2022-01-11 15:08:49] 
INFO [2022-01-11 15:08:49] $cat.default.pos
INFO [2022-01-11 15:08:49] [1] "outer"
INFO [2022-01-11 15:08:49] 
INFO [2022-01-11 15:08:49] $cat.pos
INFO [2022-01-11 15:08:49] c(-27, 27, 135)
INFO [2022-01-11 15:08:49] 
INFO [2022-01-11 15:08:49] $cat.dist
INFO [2022-01-11 15:08:49] c(0.055, 0.055, 0.085)
INFO [2022-01-11 15:08:49] 
INFO [2022-01-11 15:08:49] $cat.fontfamily
INFO [2022-01-11 15:08:49] [1] "sans"
INFO [2022-01-11 15:08:49] 
INFO [2022-01-11 15:08:49] $rotation
INFO [2022-01-11 15:08:49] [1] 1
INFO [2022-01-11 15:08:49] 
