INFO [2021-10-25 10:52:07] $x
INFO [2021-10-25 10:52:07] list(cc_tau$sequence_identifier, cc_tme$sequence_identifier, 
INFO [2021-10-25 10:52:07]     cc_tci$sequence_identifier)
INFO [2021-10-25 10:52:07] 
INFO [2021-10-25 10:52:07] $category.names
INFO [2021-10-25 10:52:07] c("T. aurantium", "T. meloni ", "T. citroni")
INFO [2021-10-25 10:52:07] 
INFO [2021-10-25 10:52:07] $filename
INFO [2021-10-25 10:52:07] [1] "overlapping_cc_venn_diagramm.png"
INFO [2021-10-25 10:52:07] 
INFO [2021-10-25 10:52:07] $output
INFO [2021-10-25 10:52:07] [1] TRUE
INFO [2021-10-25 10:52:07] 
INFO [2021-10-25 10:52:07] $imagetype
INFO [2021-10-25 10:52:07] [1] "png"
INFO [2021-10-25 10:52:07] 
INFO [2021-10-25 10:52:07] $height
INFO [2021-10-25 10:52:07] [1] 500
INFO [2021-10-25 10:52:07] 
INFO [2021-10-25 10:52:07] $width
INFO [2021-10-25 10:52:07] [1] 500
INFO [2021-10-25 10:52:07] 
INFO [2021-10-25 10:52:07] $resolution
INFO [2021-10-25 10:52:07] [1] 300
INFO [2021-10-25 10:52:07] 
INFO [2021-10-25 10:52:07] $compression
INFO [2021-10-25 10:52:07] [1] "lzw"
INFO [2021-10-25 10:52:07] 
INFO [2021-10-25 10:52:07] $main
INFO [2021-10-25 10:52:07] [1] "Core bacterial communities across and between species"
INFO [2021-10-25 10:52:07] 
INFO [2021-10-25 10:52:07] $main.fontfamily
INFO [2021-10-25 10:52:07] [1] "sans"
INFO [2021-10-25 10:52:07] 
INFO [2021-10-25 10:52:07] $main.cex
INFO [2021-10-25 10:52:07] [1] 0.35
INFO [2021-10-25 10:52:07] 
INFO [2021-10-25 10:52:07] $main.fontface
INFO [2021-10-25 10:52:07] [1] "bold"
INFO [2021-10-25 10:52:07] 
INFO [2021-10-25 10:52:07] $lwd
INFO [2021-10-25 10:52:07] [1] 0.5
INFO [2021-10-25 10:52:07] 
INFO [2021-10-25 10:52:07] $lty
INFO [2021-10-25 10:52:07] [1] 1
INFO [2021-10-25 10:52:07] 
INFO [2021-10-25 10:52:07] $fill
INFO [2021-10-25 10:52:07] myCol
INFO [2021-10-25 10:52:07] 
INFO [2021-10-25 10:52:07] $cex
INFO [2021-10-25 10:52:07] [1] 0.4
INFO [2021-10-25 10:52:07] 
INFO [2021-10-25 10:52:07] $fontface
INFO [2021-10-25 10:52:07] [1] "bold"
INFO [2021-10-25 10:52:07] 
INFO [2021-10-25 10:52:07] $fontfamily
INFO [2021-10-25 10:52:07] [1] "sans"
INFO [2021-10-25 10:52:07] 
INFO [2021-10-25 10:52:07] $cat.cex
INFO [2021-10-25 10:52:07] [1] 0.4
INFO [2021-10-25 10:52:07] 
INFO [2021-10-25 10:52:07] $cat.fontface
INFO [2021-10-25 10:52:07] [1] "italic"
INFO [2021-10-25 10:52:07] 
INFO [2021-10-25 10:52:07] $cat.default.pos
INFO [2021-10-25 10:52:07] [1] "outer"
INFO [2021-10-25 10:52:07] 
INFO [2021-10-25 10:52:07] $cat.pos
INFO [2021-10-25 10:52:07] c(-27, 27, 135)
INFO [2021-10-25 10:52:07] 
INFO [2021-10-25 10:52:07] $cat.dist
INFO [2021-10-25 10:52:07] c(0.055, 0.055, 0.085)
INFO [2021-10-25 10:52:07] 
INFO [2021-10-25 10:52:07] $cat.fontfamily
INFO [2021-10-25 10:52:07] [1] "sans"
INFO [2021-10-25 10:52:07] 
INFO [2021-10-25 10:52:07] $rotation
INFO [2021-10-25 10:52:07] [1] 1
INFO [2021-10-25 10:52:07] 
