INFO [2022-02-07 19:05:37] $x
INFO [2022-02-07 19:05:37] list(cc_tau$sequence_identifier, cc_tme$sequence_identifier, 
INFO [2022-02-07 19:05:37]     cc_tci$sequence_identifier)
INFO [2022-02-07 19:05:37] 
INFO [2022-02-07 19:05:37] $category.names
INFO [2022-02-07 19:05:37] c("T. aurantium", "T. meloni ", "T. citrina")
INFO [2022-02-07 19:05:37] 
INFO [2022-02-07 19:05:37] $filename
INFO [2022-02-07 19:05:37] [1] "Figures/AS_16splots/overlapping_cc_venn_diagramm.png"
INFO [2022-02-07 19:05:37] 
INFO [2022-02-07 19:05:37] $output
INFO [2022-02-07 19:05:37] [1] TRUE
INFO [2022-02-07 19:05:37] 
INFO [2022-02-07 19:05:37] $imagetype
INFO [2022-02-07 19:05:37] [1] "png"
INFO [2022-02-07 19:05:37] 
INFO [2022-02-07 19:05:37] $height
INFO [2022-02-07 19:05:37] [1] 500
INFO [2022-02-07 19:05:37] 
INFO [2022-02-07 19:05:37] $width
INFO [2022-02-07 19:05:37] [1] 500
INFO [2022-02-07 19:05:37] 
INFO [2022-02-07 19:05:37] $resolution
INFO [2022-02-07 19:05:37] [1] 300
INFO [2022-02-07 19:05:37] 
INFO [2022-02-07 19:05:37] $compression
INFO [2022-02-07 19:05:37] [1] "lzw"
INFO [2022-02-07 19:05:37] 
INFO [2022-02-07 19:05:37] $main
INFO [2022-02-07 19:05:37] [1] "16s Core communities across and between species"
INFO [2022-02-07 19:05:37] 
INFO [2022-02-07 19:05:37] $main.fontfamily
INFO [2022-02-07 19:05:37] [1] "sans"
INFO [2022-02-07 19:05:37] 
INFO [2022-02-07 19:05:37] $main.cex
INFO [2022-02-07 19:05:37] [1] 0.35
INFO [2022-02-07 19:05:37] 
INFO [2022-02-07 19:05:37] $main.fontface
INFO [2022-02-07 19:05:37] [1] "bold"
INFO [2022-02-07 19:05:37] 
INFO [2022-02-07 19:05:37] $lwd
INFO [2022-02-07 19:05:37] [1] 0.5
INFO [2022-02-07 19:05:37] 
INFO [2022-02-07 19:05:37] $lty
INFO [2022-02-07 19:05:37] [1] 1
INFO [2022-02-07 19:05:37] 
INFO [2022-02-07 19:05:37] $fill
INFO [2022-02-07 19:05:37] myCol
INFO [2022-02-07 19:05:37] 
INFO [2022-02-07 19:05:37] $cex
INFO [2022-02-07 19:05:37] [1] 0.4
INFO [2022-02-07 19:05:37] 
INFO [2022-02-07 19:05:37] $fontface
INFO [2022-02-07 19:05:37] [1] "bold"
INFO [2022-02-07 19:05:37] 
INFO [2022-02-07 19:05:37] $fontfamily
INFO [2022-02-07 19:05:37] [1] "sans"
INFO [2022-02-07 19:05:37] 
INFO [2022-02-07 19:05:37] $cat.cex
INFO [2022-02-07 19:05:37] [1] 0.4
INFO [2022-02-07 19:05:37] 
INFO [2022-02-07 19:05:37] $cat.fontface
INFO [2022-02-07 19:05:37] [1] "italic"
INFO [2022-02-07 19:05:37] 
INFO [2022-02-07 19:05:37] $cat.default.pos
INFO [2022-02-07 19:05:37] [1] "outer"
INFO [2022-02-07 19:05:37] 
INFO [2022-02-07 19:05:37] $cat.pos
INFO [2022-02-07 19:05:37] c(-27, 27, 135)
INFO [2022-02-07 19:05:37] 
INFO [2022-02-07 19:05:37] $cat.dist
INFO [2022-02-07 19:05:37] c(0.055, 0.055, 0.085)
INFO [2022-02-07 19:05:37] 
INFO [2022-02-07 19:05:37] $cat.fontfamily
INFO [2022-02-07 19:05:37] [1] "sans"
INFO [2022-02-07 19:05:37] 
INFO [2022-02-07 19:05:37] $rotation
INFO [2022-02-07 19:05:37] [1] 1
INFO [2022-02-07 19:05:37] 
