INFO [2022-01-11 15:10:18] $x
INFO [2022-01-11 15:10:18] list(cc_tau$sequence_identifier, cc_tme$sequence_identifier, 
INFO [2022-01-11 15:10:18]     cc_tci$sequence_identifier)
INFO [2022-01-11 15:10:18] 
INFO [2022-01-11 15:10:18] $category.names
INFO [2022-01-11 15:10:18] c("T. aurantium", "T. meloni ", "T. citrina")
INFO [2022-01-11 15:10:18] 
INFO [2022-01-11 15:10:18] $filename
INFO [2022-01-11 15:10:18] [1] "Figures/AS_16splots/overlapping_cc_venn_diagramm.png"
INFO [2022-01-11 15:10:18] 
INFO [2022-01-11 15:10:18] $output
INFO [2022-01-11 15:10:18] [1] TRUE
INFO [2022-01-11 15:10:18] 
INFO [2022-01-11 15:10:18] $imagetype
INFO [2022-01-11 15:10:18] [1] "png"
INFO [2022-01-11 15:10:18] 
INFO [2022-01-11 15:10:18] $height
INFO [2022-01-11 15:10:18] [1] 500
INFO [2022-01-11 15:10:18] 
INFO [2022-01-11 15:10:18] $width
INFO [2022-01-11 15:10:18] [1] 500
INFO [2022-01-11 15:10:18] 
INFO [2022-01-11 15:10:18] $resolution
INFO [2022-01-11 15:10:18] [1] 300
INFO [2022-01-11 15:10:18] 
INFO [2022-01-11 15:10:18] $compression
INFO [2022-01-11 15:10:18] [1] "lzw"
INFO [2022-01-11 15:10:18] 
INFO [2022-01-11 15:10:18] $main
INFO [2022-01-11 15:10:18] [1] "Core bacterial communities across and between species"
INFO [2022-01-11 15:10:18] 
INFO [2022-01-11 15:10:18] $main.fontfamily
INFO [2022-01-11 15:10:18] [1] "sans"
INFO [2022-01-11 15:10:18] 
INFO [2022-01-11 15:10:18] $main.cex
INFO [2022-01-11 15:10:18] [1] 0.35
INFO [2022-01-11 15:10:18] 
INFO [2022-01-11 15:10:18] $main.fontface
INFO [2022-01-11 15:10:18] [1] "bold"
INFO [2022-01-11 15:10:18] 
INFO [2022-01-11 15:10:18] $lwd
INFO [2022-01-11 15:10:18] [1] 0.5
INFO [2022-01-11 15:10:18] 
INFO [2022-01-11 15:10:18] $lty
INFO [2022-01-11 15:10:18] [1] 1
INFO [2022-01-11 15:10:18] 
INFO [2022-01-11 15:10:18] $fill
INFO [2022-01-11 15:10:18] myCol
INFO [2022-01-11 15:10:18] 
INFO [2022-01-11 15:10:18] $cex
INFO [2022-01-11 15:10:18] [1] 0.4
INFO [2022-01-11 15:10:18] 
INFO [2022-01-11 15:10:18] $fontface
INFO [2022-01-11 15:10:18] [1] "bold"
INFO [2022-01-11 15:10:18] 
INFO [2022-01-11 15:10:18] $fontfamily
INFO [2022-01-11 15:10:18] [1] "sans"
INFO [2022-01-11 15:10:18] 
INFO [2022-01-11 15:10:18] $cat.cex
INFO [2022-01-11 15:10:18] [1] 0.4
INFO [2022-01-11 15:10:18] 
INFO [2022-01-11 15:10:18] $cat.fontface
INFO [2022-01-11 15:10:18] [1] "italic"
INFO [2022-01-11 15:10:18] 
INFO [2022-01-11 15:10:18] $cat.default.pos
INFO [2022-01-11 15:10:18] [1] "outer"
INFO [2022-01-11 15:10:18] 
INFO [2022-01-11 15:10:18] $cat.pos
INFO [2022-01-11 15:10:18] c(-27, 27, 135)
INFO [2022-01-11 15:10:18] 
INFO [2022-01-11 15:10:18] $cat.dist
INFO [2022-01-11 15:10:18] c(0.055, 0.055, 0.085)
INFO [2022-01-11 15:10:18] 
INFO [2022-01-11 15:10:18] $cat.fontfamily
INFO [2022-01-11 15:10:18] [1] "sans"
INFO [2022-01-11 15:10:18] 
INFO [2022-01-11 15:10:18] $rotation
INFO [2022-01-11 15:10:18] [1] 1
INFO [2022-01-11 15:10:18] 
