INFO [2022-01-12 17:12:06] $x
INFO [2022-01-12 17:12:06] list(cc_tau$sequence_identifier, cc_tme$sequence_identifier, 
INFO [2022-01-12 17:12:06]     cc_tci$sequence_identifier)
INFO [2022-01-12 17:12:06] 
INFO [2022-01-12 17:12:06] $category.names
INFO [2022-01-12 17:12:06] c("T. aurantium", "T. meloni ", "T. citrina")
INFO [2022-01-12 17:12:06] 
INFO [2022-01-12 17:12:06] $filename
INFO [2022-01-12 17:12:06] [1] "Figures/AS_16splots/overlapping_cc_venn_diagramm.png"
INFO [2022-01-12 17:12:06] 
INFO [2022-01-12 17:12:06] $output
INFO [2022-01-12 17:12:06] [1] TRUE
INFO [2022-01-12 17:12:06] 
INFO [2022-01-12 17:12:06] $imagetype
INFO [2022-01-12 17:12:06] [1] "png"
INFO [2022-01-12 17:12:06] 
INFO [2022-01-12 17:12:06] $height
INFO [2022-01-12 17:12:06] [1] 500
INFO [2022-01-12 17:12:06] 
INFO [2022-01-12 17:12:06] $width
INFO [2022-01-12 17:12:06] [1] 500
INFO [2022-01-12 17:12:06] 
INFO [2022-01-12 17:12:06] $resolution
INFO [2022-01-12 17:12:06] [1] 300
INFO [2022-01-12 17:12:06] 
INFO [2022-01-12 17:12:06] $compression
INFO [2022-01-12 17:12:06] [1] "lzw"
INFO [2022-01-12 17:12:06] 
INFO [2022-01-12 17:12:06] $main
INFO [2022-01-12 17:12:06] [1] "Core bacterial communities across and between species"
INFO [2022-01-12 17:12:06] 
INFO [2022-01-12 17:12:06] $main.fontfamily
INFO [2022-01-12 17:12:06] [1] "sans"
INFO [2022-01-12 17:12:06] 
INFO [2022-01-12 17:12:06] $main.cex
INFO [2022-01-12 17:12:06] [1] 0.35
INFO [2022-01-12 17:12:06] 
INFO [2022-01-12 17:12:06] $main.fontface
INFO [2022-01-12 17:12:06] [1] "bold"
INFO [2022-01-12 17:12:06] 
INFO [2022-01-12 17:12:06] $lwd
INFO [2022-01-12 17:12:06] [1] 0.5
INFO [2022-01-12 17:12:06] 
INFO [2022-01-12 17:12:06] $lty
INFO [2022-01-12 17:12:06] [1] 1
INFO [2022-01-12 17:12:06] 
INFO [2022-01-12 17:12:06] $fill
INFO [2022-01-12 17:12:06] myCol
INFO [2022-01-12 17:12:06] 
INFO [2022-01-12 17:12:06] $cex
INFO [2022-01-12 17:12:06] [1] 0.4
INFO [2022-01-12 17:12:06] 
INFO [2022-01-12 17:12:06] $fontface
INFO [2022-01-12 17:12:06] [1] "bold"
INFO [2022-01-12 17:12:06] 
INFO [2022-01-12 17:12:06] $fontfamily
INFO [2022-01-12 17:12:06] [1] "sans"
INFO [2022-01-12 17:12:06] 
INFO [2022-01-12 17:12:06] $cat.cex
INFO [2022-01-12 17:12:06] [1] 0.4
INFO [2022-01-12 17:12:06] 
INFO [2022-01-12 17:12:06] $cat.fontface
INFO [2022-01-12 17:12:06] [1] "italic"
INFO [2022-01-12 17:12:06] 
INFO [2022-01-12 17:12:06] $cat.default.pos
INFO [2022-01-12 17:12:06] [1] "outer"
INFO [2022-01-12 17:12:06] 
INFO [2022-01-12 17:12:06] $cat.pos
INFO [2022-01-12 17:12:06] c(-27, 27, 135)
INFO [2022-01-12 17:12:06] 
INFO [2022-01-12 17:12:06] $cat.dist
INFO [2022-01-12 17:12:06] c(0.055, 0.055, 0.085)
INFO [2022-01-12 17:12:06] 
INFO [2022-01-12 17:12:06] $cat.fontfamily
INFO [2022-01-12 17:12:06] [1] "sans"
INFO [2022-01-12 17:12:06] 
INFO [2022-01-12 17:12:06] $rotation
INFO [2022-01-12 17:12:06] [1] 1
INFO [2022-01-12 17:12:06] 
