INFO [2022-01-24 10:25:34] $x
INFO [2022-01-24 10:25:34] list(cc_tau$sequence_identifier, cc_tme$sequence_identifier, 
INFO [2022-01-24 10:25:34]     cc_tci$sequence_identifier)
INFO [2022-01-24 10:25:34] 
INFO [2022-01-24 10:25:34] $category.names
INFO [2022-01-24 10:25:34] c("T. aurantium", "T. meloni ", "T. citrina")
INFO [2022-01-24 10:25:34] 
INFO [2022-01-24 10:25:34] $filename
INFO [2022-01-24 10:25:34] [1] "Figures/AS_16splots/overlapping_cc_venn_diagramm.png"
INFO [2022-01-24 10:25:34] 
INFO [2022-01-24 10:25:34] $output
INFO [2022-01-24 10:25:34] [1] TRUE
INFO [2022-01-24 10:25:34] 
INFO [2022-01-24 10:25:34] $imagetype
INFO [2022-01-24 10:25:34] [1] "png"
INFO [2022-01-24 10:25:34] 
INFO [2022-01-24 10:25:34] $height
INFO [2022-01-24 10:25:34] [1] 500
INFO [2022-01-24 10:25:34] 
INFO [2022-01-24 10:25:34] $width
INFO [2022-01-24 10:25:34] [1] 500
INFO [2022-01-24 10:25:34] 
INFO [2022-01-24 10:25:34] $resolution
INFO [2022-01-24 10:25:34] [1] 300
INFO [2022-01-24 10:25:34] 
INFO [2022-01-24 10:25:34] $compression
INFO [2022-01-24 10:25:34] [1] "lzw"
INFO [2022-01-24 10:25:34] 
INFO [2022-01-24 10:25:34] $main
INFO [2022-01-24 10:25:34] [1] "16s Core bacterial communities across and between species"
INFO [2022-01-24 10:25:34] 
INFO [2022-01-24 10:25:34] $main.fontfamily
INFO [2022-01-24 10:25:34] [1] "sans"
INFO [2022-01-24 10:25:34] 
INFO [2022-01-24 10:25:34] $main.cex
INFO [2022-01-24 10:25:34] [1] 0.35
INFO [2022-01-24 10:25:34] 
INFO [2022-01-24 10:25:34] $main.fontface
INFO [2022-01-24 10:25:34] [1] "bold"
INFO [2022-01-24 10:25:34] 
INFO [2022-01-24 10:25:34] $lwd
INFO [2022-01-24 10:25:34] [1] 0.5
INFO [2022-01-24 10:25:34] 
INFO [2022-01-24 10:25:34] $lty
INFO [2022-01-24 10:25:34] [1] 1
INFO [2022-01-24 10:25:34] 
INFO [2022-01-24 10:25:34] $fill
INFO [2022-01-24 10:25:34] myCol
INFO [2022-01-24 10:25:34] 
INFO [2022-01-24 10:25:34] $cex
INFO [2022-01-24 10:25:34] [1] 0.4
INFO [2022-01-24 10:25:34] 
INFO [2022-01-24 10:25:34] $fontface
INFO [2022-01-24 10:25:34] [1] "bold"
INFO [2022-01-24 10:25:34] 
INFO [2022-01-24 10:25:34] $fontfamily
INFO [2022-01-24 10:25:34] [1] "sans"
INFO [2022-01-24 10:25:34] 
INFO [2022-01-24 10:25:34] $cat.cex
INFO [2022-01-24 10:25:34] [1] 0.4
INFO [2022-01-24 10:25:34] 
INFO [2022-01-24 10:25:34] $cat.fontface
INFO [2022-01-24 10:25:34] [1] "italic"
INFO [2022-01-24 10:25:34] 
INFO [2022-01-24 10:25:34] $cat.default.pos
INFO [2022-01-24 10:25:34] [1] "outer"
INFO [2022-01-24 10:25:34] 
INFO [2022-01-24 10:25:34] $cat.pos
INFO [2022-01-24 10:25:34] c(-27, 27, 135)
INFO [2022-01-24 10:25:34] 
INFO [2022-01-24 10:25:34] $cat.dist
INFO [2022-01-24 10:25:34] c(0.055, 0.055, 0.085)
INFO [2022-01-24 10:25:34] 
INFO [2022-01-24 10:25:34] $cat.fontfamily
INFO [2022-01-24 10:25:34] [1] "sans"
INFO [2022-01-24 10:25:34] 
INFO [2022-01-24 10:25:34] $rotation
INFO [2022-01-24 10:25:34] [1] 1
INFO [2022-01-24 10:25:34] 
