INFO [2022-01-24 11:14:44] $x
INFO [2022-01-24 11:14:44] list(cc_tau$sequence_identifier, cc_tme$sequence_identifier, 
INFO [2022-01-24 11:14:44]     cc_tci$sequence_identifier)
INFO [2022-01-24 11:14:44] 
INFO [2022-01-24 11:14:44] $category.names
INFO [2022-01-24 11:14:44] c("T. aurantium", "T. meloni ", "T. citrina")
INFO [2022-01-24 11:14:44] 
INFO [2022-01-24 11:14:44] $filename
INFO [2022-01-24 11:14:44] [1] "Figures/AS_16splots/overlapping_cc_venn_diagramm.png"
INFO [2022-01-24 11:14:44] 
INFO [2022-01-24 11:14:44] $output
INFO [2022-01-24 11:14:44] [1] TRUE
INFO [2022-01-24 11:14:44] 
INFO [2022-01-24 11:14:44] $imagetype
INFO [2022-01-24 11:14:44] [1] "png"
INFO [2022-01-24 11:14:44] 
INFO [2022-01-24 11:14:44] $height
INFO [2022-01-24 11:14:44] [1] 500
INFO [2022-01-24 11:14:44] 
INFO [2022-01-24 11:14:44] $width
INFO [2022-01-24 11:14:44] [1] 500
INFO [2022-01-24 11:14:44] 
INFO [2022-01-24 11:14:44] $resolution
INFO [2022-01-24 11:14:44] [1] 300
INFO [2022-01-24 11:14:44] 
INFO [2022-01-24 11:14:44] $compression
INFO [2022-01-24 11:14:44] [1] "lzw"
INFO [2022-01-24 11:14:44] 
INFO [2022-01-24 11:14:44] $main
INFO [2022-01-24 11:14:44] [1] "16s Core communities across and between species"
INFO [2022-01-24 11:14:44] 
INFO [2022-01-24 11:14:44] $main.fontfamily
INFO [2022-01-24 11:14:44] [1] "sans"
INFO [2022-01-24 11:14:44] 
INFO [2022-01-24 11:14:44] $main.cex
INFO [2022-01-24 11:14:44] [1] 0.35
INFO [2022-01-24 11:14:44] 
INFO [2022-01-24 11:14:44] $main.fontface
INFO [2022-01-24 11:14:44] [1] "bold"
INFO [2022-01-24 11:14:44] 
INFO [2022-01-24 11:14:44] $lwd
INFO [2022-01-24 11:14:44] [1] 0.5
INFO [2022-01-24 11:14:44] 
INFO [2022-01-24 11:14:44] $lty
INFO [2022-01-24 11:14:44] [1] 1
INFO [2022-01-24 11:14:44] 
INFO [2022-01-24 11:14:44] $fill
INFO [2022-01-24 11:14:44] myCol
INFO [2022-01-24 11:14:44] 
INFO [2022-01-24 11:14:44] $cex
INFO [2022-01-24 11:14:44] [1] 0.4
INFO [2022-01-24 11:14:44] 
INFO [2022-01-24 11:14:44] $fontface
INFO [2022-01-24 11:14:44] [1] "bold"
INFO [2022-01-24 11:14:44] 
INFO [2022-01-24 11:14:44] $fontfamily
INFO [2022-01-24 11:14:44] [1] "sans"
INFO [2022-01-24 11:14:44] 
INFO [2022-01-24 11:14:44] $cat.cex
INFO [2022-01-24 11:14:44] [1] 0.4
INFO [2022-01-24 11:14:44] 
INFO [2022-01-24 11:14:44] $cat.fontface
INFO [2022-01-24 11:14:44] [1] "italic"
INFO [2022-01-24 11:14:44] 
INFO [2022-01-24 11:14:44] $cat.default.pos
INFO [2022-01-24 11:14:44] [1] "outer"
INFO [2022-01-24 11:14:44] 
INFO [2022-01-24 11:14:44] $cat.pos
INFO [2022-01-24 11:14:44] c(-27, 27, 135)
INFO [2022-01-24 11:14:44] 
INFO [2022-01-24 11:14:44] $cat.dist
INFO [2022-01-24 11:14:44] c(0.055, 0.055, 0.085)
INFO [2022-01-24 11:14:44] 
INFO [2022-01-24 11:14:44] $cat.fontfamily
INFO [2022-01-24 11:14:44] [1] "sans"
INFO [2022-01-24 11:14:44] 
INFO [2022-01-24 11:14:44] $rotation
INFO [2022-01-24 11:14:44] [1] 1
INFO [2022-01-24 11:14:44] 
