INFO [2022-02-03 10:01:24] $x
INFO [2022-02-03 10:01:24] list(otun_tau$sequence_identifier, otun_tme$sequence_identifier, 
INFO [2022-02-03 10:01:24]     otun_tci$sequence_identifier)
INFO [2022-02-03 10:01:24] 
INFO [2022-02-03 10:01:24] $category.names
INFO [2022-02-03 10:01:24] c("T. aurantium", "T. meloni ", "T. citrina")
INFO [2022-02-03 10:01:24] 
INFO [2022-02-03 10:01:24] $filename
INFO [2022-02-03 10:01:24] [1] "Figures/AS_16splots/spreadofrichness_venn_diagramm.png"
INFO [2022-02-03 10:01:24] 
INFO [2022-02-03 10:01:24] $output
INFO [2022-02-03 10:01:24] [1] TRUE
INFO [2022-02-03 10:01:24] 
INFO [2022-02-03 10:01:24] $imagetype
INFO [2022-02-03 10:01:24] [1] "png"
INFO [2022-02-03 10:01:24] 
INFO [2022-02-03 10:01:24] $height
INFO [2022-02-03 10:01:24] [1] 500
INFO [2022-02-03 10:01:24] 
INFO [2022-02-03 10:01:24] $width
INFO [2022-02-03 10:01:24] [1] 500
INFO [2022-02-03 10:01:24] 
INFO [2022-02-03 10:01:24] $resolution
INFO [2022-02-03 10:01:24] [1] 300
INFO [2022-02-03 10:01:24] 
INFO [2022-02-03 10:01:24] $compression
INFO [2022-02-03 10:01:24] [1] "lzw"
INFO [2022-02-03 10:01:24] 
INFO [2022-02-03 10:01:24] $main
INFO [2022-02-03 10:01:24] [1] "16s OTU richness across and between species"
INFO [2022-02-03 10:01:24] 
INFO [2022-02-03 10:01:24] $main.fontfamily
INFO [2022-02-03 10:01:24] [1] "sans"
INFO [2022-02-03 10:01:24] 
INFO [2022-02-03 10:01:24] $main.cex
INFO [2022-02-03 10:01:24] [1] 0.35
INFO [2022-02-03 10:01:24] 
INFO [2022-02-03 10:01:24] $main.fontface
INFO [2022-02-03 10:01:24] [1] "bold"
INFO [2022-02-03 10:01:24] 
INFO [2022-02-03 10:01:24] $lwd
INFO [2022-02-03 10:01:24] [1] 0.5
INFO [2022-02-03 10:01:24] 
INFO [2022-02-03 10:01:24] $lty
INFO [2022-02-03 10:01:24] [1] 1
INFO [2022-02-03 10:01:24] 
INFO [2022-02-03 10:01:24] $fill
INFO [2022-02-03 10:01:24] myCol
INFO [2022-02-03 10:01:24] 
INFO [2022-02-03 10:01:24] $cex
INFO [2022-02-03 10:01:24] [1] 0.4
INFO [2022-02-03 10:01:24] 
INFO [2022-02-03 10:01:24] $fontface
INFO [2022-02-03 10:01:24] [1] "bold"
INFO [2022-02-03 10:01:24] 
INFO [2022-02-03 10:01:24] $fontfamily
INFO [2022-02-03 10:01:24] [1] "sans"
INFO [2022-02-03 10:01:24] 
INFO [2022-02-03 10:01:24] $cat.cex
INFO [2022-02-03 10:01:24] [1] 0.4
INFO [2022-02-03 10:01:24] 
INFO [2022-02-03 10:01:24] $cat.fontface
INFO [2022-02-03 10:01:24] [1] "italic"
INFO [2022-02-03 10:01:24] 
INFO [2022-02-03 10:01:24] $cat.default.pos
INFO [2022-02-03 10:01:24] [1] "outer"
INFO [2022-02-03 10:01:24] 
INFO [2022-02-03 10:01:24] $cat.pos
INFO [2022-02-03 10:01:24] c(-27, 27, 135)
INFO [2022-02-03 10:01:24] 
INFO [2022-02-03 10:01:24] $cat.dist
INFO [2022-02-03 10:01:24] c(0.055, 0.055, 0.085)
INFO [2022-02-03 10:01:24] 
INFO [2022-02-03 10:01:24] $cat.fontfamily
INFO [2022-02-03 10:01:24] [1] "sans"
INFO [2022-02-03 10:01:24] 
INFO [2022-02-03 10:01:24] $rotation
INFO [2022-02-03 10:01:24] [1] 1
INFO [2022-02-03 10:01:24] 
