INFO [2022-02-03 10:00:51] $x
INFO [2022-02-03 10:00:51] list(OTUn_tau$sequence_identifier, OTUn_tme$sequence_identifier, 
INFO [2022-02-03 10:00:51]     OTUn_tci$sequence_identifier)
INFO [2022-02-03 10:00:51] 
INFO [2022-02-03 10:00:51] $category.names
INFO [2022-02-03 10:00:51] c("T. aurantium", "T. meloni ", "T. citrina")
INFO [2022-02-03 10:00:51] 
INFO [2022-02-03 10:00:51] $filename
INFO [2022-02-03 10:00:51] [1] "Figures/AS_16splots/spreadofrichness_venn_diagramm.png"
INFO [2022-02-03 10:00:51] 
INFO [2022-02-03 10:00:51] $output
INFO [2022-02-03 10:00:51] [1] TRUE
INFO [2022-02-03 10:00:51] 
INFO [2022-02-03 10:00:51] $imagetype
INFO [2022-02-03 10:00:51] [1] "png"
INFO [2022-02-03 10:00:51] 
INFO [2022-02-03 10:00:51] $height
INFO [2022-02-03 10:00:51] [1] 500
INFO [2022-02-03 10:00:51] 
INFO [2022-02-03 10:00:51] $width
INFO [2022-02-03 10:00:51] [1] 500
INFO [2022-02-03 10:00:51] 
INFO [2022-02-03 10:00:51] $resolution
INFO [2022-02-03 10:00:51] [1] 300
INFO [2022-02-03 10:00:51] 
INFO [2022-02-03 10:00:51] $compression
INFO [2022-02-03 10:00:51] [1] "lzw"
INFO [2022-02-03 10:00:51] 
INFO [2022-02-03 10:00:51] $main
INFO [2022-02-03 10:00:51] [1] "16s OTU richness across and between species"
INFO [2022-02-03 10:00:51] 
INFO [2022-02-03 10:00:51] $main.fontfamily
INFO [2022-02-03 10:00:51] [1] "sans"
INFO [2022-02-03 10:00:51] 
INFO [2022-02-03 10:00:51] $main.cex
INFO [2022-02-03 10:00:51] [1] 0.35
INFO [2022-02-03 10:00:51] 
INFO [2022-02-03 10:00:51] $main.fontface
INFO [2022-02-03 10:00:51] [1] "bold"
INFO [2022-02-03 10:00:51] 
INFO [2022-02-03 10:00:51] $lwd
INFO [2022-02-03 10:00:51] [1] 0.5
INFO [2022-02-03 10:00:51] 
INFO [2022-02-03 10:00:51] $lty
INFO [2022-02-03 10:00:51] [1] 1
INFO [2022-02-03 10:00:51] 
INFO [2022-02-03 10:00:51] $fill
INFO [2022-02-03 10:00:51] myCol
INFO [2022-02-03 10:00:51] 
INFO [2022-02-03 10:00:51] $cex
INFO [2022-02-03 10:00:51] [1] 0.4
INFO [2022-02-03 10:00:51] 
INFO [2022-02-03 10:00:51] $fontface
INFO [2022-02-03 10:00:51] [1] "bold"
INFO [2022-02-03 10:00:51] 
INFO [2022-02-03 10:00:51] $fontfamily
INFO [2022-02-03 10:00:51] [1] "sans"
INFO [2022-02-03 10:00:51] 
INFO [2022-02-03 10:00:51] $cat.cex
INFO [2022-02-03 10:00:51] [1] 0.4
INFO [2022-02-03 10:00:51] 
INFO [2022-02-03 10:00:51] $cat.fontface
INFO [2022-02-03 10:00:51] [1] "italic"
INFO [2022-02-03 10:00:51] 
INFO [2022-02-03 10:00:51] $cat.default.pos
INFO [2022-02-03 10:00:51] [1] "outer"
INFO [2022-02-03 10:00:51] 
INFO [2022-02-03 10:00:51] $cat.pos
INFO [2022-02-03 10:00:51] c(-27, 27, 135)
INFO [2022-02-03 10:00:51] 
INFO [2022-02-03 10:00:51] $cat.dist
INFO [2022-02-03 10:00:51] c(0.055, 0.055, 0.085)
INFO [2022-02-03 10:00:51] 
INFO [2022-02-03 10:00:51] $cat.fontfamily
INFO [2022-02-03 10:00:51] [1] "sans"
INFO [2022-02-03 10:00:51] 
INFO [2022-02-03 10:00:51] $rotation
INFO [2022-02-03 10:00:51] [1] 1
INFO [2022-02-03 10:00:51] 
