INFO [2022-02-07 09:24:13] $x
INFO [2022-02-07 09:24:13] list(otun_tau$sequence_identifier, otun_tme$sequence_identifier, 
INFO [2022-02-07 09:24:13]     otun_tci$sequence_identifier)
INFO [2022-02-07 09:24:13] 
INFO [2022-02-07 09:24:13] $category.names
INFO [2022-02-07 09:24:13] c("T. aurantium", "T. meloni ", "T. citrina")
INFO [2022-02-07 09:24:13] 
INFO [2022-02-07 09:24:13] $filename
INFO [2022-02-07 09:24:13] [1] "Figures/AS_16splots/spreadofrichness_venn_diagramm.png"
INFO [2022-02-07 09:24:13] 
INFO [2022-02-07 09:24:13] $output
INFO [2022-02-07 09:24:13] [1] TRUE
INFO [2022-02-07 09:24:13] 
INFO [2022-02-07 09:24:13] $imagetype
INFO [2022-02-07 09:24:13] [1] "png"
INFO [2022-02-07 09:24:13] 
INFO [2022-02-07 09:24:13] $height
INFO [2022-02-07 09:24:13] [1] 500
INFO [2022-02-07 09:24:13] 
INFO [2022-02-07 09:24:13] $width
INFO [2022-02-07 09:24:13] [1] 500
INFO [2022-02-07 09:24:13] 
INFO [2022-02-07 09:24:13] $resolution
INFO [2022-02-07 09:24:13] [1] 300
INFO [2022-02-07 09:24:13] 
INFO [2022-02-07 09:24:13] $compression
INFO [2022-02-07 09:24:13] [1] "lzw"
INFO [2022-02-07 09:24:13] 
INFO [2022-02-07 09:24:13] $main
INFO [2022-02-07 09:24:13] [1] "16s OTU richness across and between species"
INFO [2022-02-07 09:24:13] 
INFO [2022-02-07 09:24:13] $main.fontfamily
INFO [2022-02-07 09:24:13] [1] "sans"
INFO [2022-02-07 09:24:13] 
INFO [2022-02-07 09:24:13] $main.cex
INFO [2022-02-07 09:24:13] [1] 0.35
INFO [2022-02-07 09:24:13] 
INFO [2022-02-07 09:24:13] $main.fontface
INFO [2022-02-07 09:24:13] [1] "bold"
INFO [2022-02-07 09:24:13] 
INFO [2022-02-07 09:24:13] $lwd
INFO [2022-02-07 09:24:13] [1] 0.5
INFO [2022-02-07 09:24:13] 
INFO [2022-02-07 09:24:13] $lty
INFO [2022-02-07 09:24:13] [1] 1
INFO [2022-02-07 09:24:13] 
INFO [2022-02-07 09:24:13] $fill
INFO [2022-02-07 09:24:13] myCol
INFO [2022-02-07 09:24:13] 
INFO [2022-02-07 09:24:13] $cex
INFO [2022-02-07 09:24:13] [1] 0.4
INFO [2022-02-07 09:24:13] 
INFO [2022-02-07 09:24:13] $fontface
INFO [2022-02-07 09:24:13] [1] "bold"
INFO [2022-02-07 09:24:13] 
INFO [2022-02-07 09:24:13] $fontfamily
INFO [2022-02-07 09:24:13] [1] "sans"
INFO [2022-02-07 09:24:13] 
INFO [2022-02-07 09:24:13] $cat.cex
INFO [2022-02-07 09:24:13] [1] 0.4
INFO [2022-02-07 09:24:13] 
INFO [2022-02-07 09:24:13] $cat.fontface
INFO [2022-02-07 09:24:13] [1] "italic"
INFO [2022-02-07 09:24:13] 
INFO [2022-02-07 09:24:13] $cat.default.pos
INFO [2022-02-07 09:24:13] [1] "outer"
INFO [2022-02-07 09:24:13] 
INFO [2022-02-07 09:24:13] $cat.pos
INFO [2022-02-07 09:24:13] c(-27, 27, 135)
INFO [2022-02-07 09:24:13] 
INFO [2022-02-07 09:24:13] $cat.dist
INFO [2022-02-07 09:24:13] c(0.055, 0.055, 0.085)
INFO [2022-02-07 09:24:13] 
INFO [2022-02-07 09:24:13] $cat.fontfamily
INFO [2022-02-07 09:24:13] [1] "sans"
INFO [2022-02-07 09:24:13] 
INFO [2022-02-07 09:24:13] $rotation
INFO [2022-02-07 09:24:13] [1] 1
INFO [2022-02-07 09:24:13] 
